{"/home/usuario/ull-esit-inf-dsi-22-23-prct06-generics-solid-Adrian-glz01/src/ejercicio-pe102/arithmeticalCollectionClass.ts":{"path":"/home/usuario/ull-esit-inf-dsi-22-23-prct06-generics-solid-Adrian-glz01/src/ejercicio-pe102/arithmeticalCollectionClass.ts","statementMap":{"0":{"start":{"line":2,"column":0},"end":{"line":2,"column":62}},"1":{"start":{"line":3,"column":0},"end":{"line":3,"column":40}},"2":{"start":{"line":5,"column":16},"end":{"line":5,"column":18}},"3":{"start":{"line":11,"column":8},"end":{"line":11,"column":37}},"4":{"start":{"line":19,"column":8},"end":{"line":19,"column":37}},"5":{"start":{"line":26,"column":8},"end":{"line":26,"column":37}},"6":{"start":{"line":29,"column":0},"end":{"line":29,"column":56}}},"fnMap":{"0":{"name":"(anonymous_0)","decl":{"start":{"line":10,"column":4},"end":{"line":10,"column":5}},"loc":{"start":{"line":10,"column":31},"end":{"line":12,"column":5}},"line":10},"1":{"name":"(anonymous_1)","decl":{"start":{"line":18,"column":4},"end":{"line":18,"column":5}},"loc":{"start":{"line":18,"column":29},"end":{"line":20,"column":5}},"line":18},"2":{"name":"(anonymous_2)","decl":{"start":{"line":25,"column":4},"end":{"line":25,"column":5}},"loc":{"start":{"line":25,"column":32},"end":{"line":27,"column":5}},"line":25}},"branchMap":{},"s":{"0":1,"1":1,"2":1,"3":3,"4":6,"5":1,"6":1},"f":{"0":3,"1":6,"2":1},"b":{},"inputSourceMap":{"version":3,"file":"/home/usuario/ull-esit-inf-dsi-22-23-prct06-generics-solid-Adrian-glz01/src/ejercicio-pe102/arithmeticalCollectionClass.ts","sources":["/home/usuario/ull-esit-inf-dsi-22-23-prct06-generics-solid-Adrian-glz01/src/ejercicio-pe102/arithmeticalCollectionClass.ts"],"names":[],"mappings":";;;AAGA,MAAa,sBAAsB;IACzB,SAAS,GAAQ,EAAE,CAAA;IAE3B;;;OAGG;IACH,iBAAiB,CAAC,OAAU;QAC1B,IAAI,CAAC,SAAS,CAAC,IAAI,CAAC,OAAO,CAAC,CAAA;IAC9B,CAAC;IAED;;;;OAIG;IACH,iBAAiB,CAAC,KAAa;QAC7B,OAAO,IAAI,CAAC,SAAS,CAAC,KAAK,CAAC,CAAA;IAC9B,CAAC;IAED;;;OAGG;IACH,yBAAyB;QACvB,OAAO,IAAI,CAAC,SAAS,CAAC,MAAM,CAAA;IAC9B,CAAC;CACF;AA3BD,wDA2BC","sourcesContent":["import { Arithmeticable } from \"./arithmeticableInterface\";\n\n\nexport class ArithmeticalCollection<T extends Arithmeticable<T>> {\n  private _elements: T[] = []\n  \n  /**\n   * Mwtodo para añadir elementos a la coleccion\n   * @param element \n   */\n  addArithmeticable(element: T) {\n    this._elements.push(element)\n  }\n  \n  /**\n   * Metodo para obtener un elemento de la coleccion, otorgando su indice\n   * @param index \n   * @returns \n   */\n  getArithmeticable(index: number): T {\n    return this._elements[index]\n  }\n  \n  /**\n   * Metodo para obtener el numero de elementos de la coleccion\n   * @returns\n   */\n  getNumbeOfArithmeticables(): number {\n    return this._elements.length\n  }\n}"]},"_coverageSchema":"1a1c01bbd47fc00a2c39e90264f33305004495a9","hash":"52bdf3e676e109e816bac6e5dbb4d33b62e7c9d0","contentHash":"a79c577979b7620e8e23fb45f950f073883d6dd7e5be4cef37b6fcb3608478e3"},"/home/usuario/ull-esit-inf-dsi-22-23-prct06-generics-solid-Adrian-glz01/src/ejercicio-pe102/complexClass.ts":{"path":"/home/usuario/ull-esit-inf-dsi-22-23-prct06-generics-solid-Adrian-glz01/src/ejercicio-pe102/complexClass.ts","statementMap":{"0":{"start":{"line":2,"column":0},"end":{"line":2,"column":62}},"1":{"start":{"line":3,"column":0},"end":{"line":3,"column":25}},"2":{"start":{"line":13,"column":8},"end":{"line":13,"column":26}},"3":{"start":{"line":14,"column":8},"end":{"line":14,"column":36}},"4":{"start":{"line":21,"column":8},"end":{"line":21,"column":26}},"5":{"start":{"line":28,"column":8},"end":{"line":28,"column":31}},"6":{"start":{"line":36,"column":24},"end":{"line":36,"column":61}},"7":{"start":{"line":37,"column":24},"end":{"line":37,"column":71}},"8":{"start":{"line":38,"column":23},"end":{"line":38,"column":52}},"9":{"start":{"line":39,"column":8},"end":{"line":39,"column":22}},"10":{"start":{"line":47,"column":24},"end":{"line":47,"column":61}},"11":{"start":{"line":48,"column":24},"end":{"line":48,"column":71}},"12":{"start":{"line":49,"column":23},"end":{"line":49,"column":52}},"13":{"start":{"line":50,"column":8},"end":{"line":50,"column":22}},"14":{"start":{"line":58,"column":24},"end":{"line":58,"column":195}},"15":{"start":{"line":59,"column":24},"end":{"line":59,"column":195}},"16":{"start":{"line":60,"column":23},"end":{"line":60,"column":52}},"17":{"start":{"line":61,"column":8},"end":{"line":61,"column":22}},"18":{"start":{"line":69,"column":24},"end":{"line":69,"column":115}},"19":{"start":{"line":70,"column":24},"end":{"line":70,"column":115}},"20":{"start":{"line":71,"column":23},"end":{"line":71,"column":52}},"21":{"start":{"line":72,"column":8},"end":{"line":72,"column":22}},"22":{"start":{"line":75,"column":0},"end":{"line":75,"column":26}}},"fnMap":{"0":{"name":"(anonymous_0)","decl":{"start":{"line":12,"column":4},"end":{"line":12,"column":5}},"loc":{"start":{"line":12,"column":33},"end":{"line":15,"column":5}},"line":12},"1":{"name":"(anonymous_1)","decl":{"start":{"line":20,"column":4},"end":{"line":20,"column":5}},"loc":{"start":{"line":20,"column":20},"end":{"line":22,"column":5}},"line":20},"2":{"name":"(anonymous_2)","decl":{"start":{"line":27,"column":4},"end":{"line":27,"column":5}},"loc":{"start":{"line":27,"column":25},"end":{"line":29,"column":5}},"line":27},"3":{"name":"(anonymous_3)","decl":{"start":{"line":35,"column":4},"end":{"line":35,"column":5}},"loc":{"start":{"line":35,"column":18},"end":{"line":40,"column":5}},"line":35},"4":{"name":"(anonymous_4)","decl":{"start":{"line":46,"column":4},"end":{"line":46,"column":5}},"loc":{"start":{"line":46,"column":24},"end":{"line":51,"column":5}},"line":46},"5":{"name":"(anonymous_5)","decl":{"start":{"line":57,"column":4},"end":{"line":57,"column":5}},"loc":{"start":{"line":57,"column":21},"end":{"line":62,"column":5}},"line":57},"6":{"name":"(anonymous_6)","decl":{"start":{"line":68,"column":4},"end":{"line":68,"column":5}},"loc":{"start":{"line":68,"column":23},"end":{"line":73,"column":5}},"line":68}},"branchMap":{},"s":{"0":1,"1":1,"2":9,"3":9,"4":14,"5":16,"6":1,"7":1,"8":1,"9":1,"10":1,"11":1,"12":1,"13":1,"14":1,"15":1,"16":1,"17":1,"18":1,"19":1,"20":1,"21":1,"22":1},"f":{"0":9,"1":14,"2":16,"3":1,"4":1,"5":1,"6":1},"b":{},"inputSourceMap":{"version":3,"file":"/home/usuario/ull-esit-inf-dsi-22-23-prct06-generics-solid-Adrian-glz01/src/ejercicio-pe102/complexClass.ts","sources":["/home/usuario/ull-esit-inf-dsi-22-23-prct06-generics-solid-Adrian-glz01/src/ejercicio-pe102/complexClass.ts"],"names":[],"mappings":";;;AAEA,MAAa,OAAO;IACV,KAAK,CAAQ;IACb,UAAU,CAAQ;IAE1B;;;;OAIG;IACH,YAAY,IAAY,EAAE,SAAiB;QACzC,IAAI,CAAC,KAAK,GAAG,IAAI,CAAA;QACjB,IAAI,CAAC,UAAU,GAAG,SAAS,CAAA;IAC7B,CAAC;IAED;;;OAGG;IACI,aAAa;QAClB,OAAO,IAAI,CAAC,KAAK,CAAA;IACnB,CAAC;IAED;;;OAGG;IACI,kBAAkB;QACvB,OAAO,IAAI,CAAC,UAAU,CAAA;IACxB,CAAC;IAED;;;;OAIG;IACH,GAAG,CAAE,QAAiB;QACpB,MAAM,OAAO,GAAG,IAAI,CAAC,KAAK,GAAG,QAAQ,CAAC,aAAa,EAAE,CAAC;QACtD,MAAM,OAAO,GAAG,IAAI,CAAC,UAAU,GAAG,QAAQ,CAAC,kBAAkB,EAAE,CAAC;QAChE,MAAM,MAAM,GAAG,IAAI,OAAO,CAAC,OAAO,EAAE,OAAO,CAAC,CAAC;QAC7C,OAAO,MAAM,CAAC;IAChB,CAAC;IAED;;;;OAIG;IACH,SAAS,CAAE,QAAiB;QAC1B,MAAM,OAAO,GAAG,IAAI,CAAC,KAAK,GAAG,QAAQ,CAAC,aAAa,EAAE,CAAC;QACtD,MAAM,OAAO,GAAG,IAAI,CAAC,UAAU,GAAG,QAAQ,CAAC,kBAAkB,EAAE,CAAC;QAChE,MAAM,MAAM,GAAG,IAAI,OAAO,CAAC,OAAO,EAAE,OAAO,CAAC,CAAC;QAC7C,OAAO,MAAM,CAAC;IAChB,CAAC;IAED;;;;OAIG;IACH,MAAM,CAAE,QAAiB;QACvB,MAAM,OAAO,GAAG,CAAC,CAAC,IAAI,CAAC,KAAK,GAAG,QAAQ,CAAC,aAAa,EAAE,CAAC,GAAG,CAAC,IAAI,CAAC,UAAU,GAAG,QAAQ,CAAC,kBAAkB,EAAE,CAAC,CAAC,GAAG,CAAC,IAAI,CAAC,GAAG,CAAC,IAAI,CAAC,UAAU,EAAC,CAAC,CAAC,GAAG,IAAI,CAAC,GAAG,CAAC,QAAQ,CAAC,kBAAkB,EAAE,EAAC,CAAC,CAAC,CAAC,CAAA;QACzL,MAAM,OAAO,GAAI,CAAC,CAAC,IAAI,CAAC,UAAU,GAAG,QAAQ,CAAC,aAAa,EAAE,CAAC,GAAG,CAAC,IAAI,CAAC,KAAK,GAAG,QAAQ,CAAC,kBAAkB,EAAE,CAAC,CAAC,GAAE,CAAC,IAAI,CAAC,GAAG,CAAC,IAAI,CAAC,UAAU,EAAC,CAAC,CAAC,GAAG,IAAI,CAAC,GAAG,CAAC,QAAQ,CAAC,kBAAkB,EAAE,EAAC,CAAC,CAAC,CAAC,CAAA;QACzL,MAAM,MAAM,GAAG,IAAI,OAAO,CAAC,OAAO,EAAE,OAAO,CAAC,CAAC;QAC7C,OAAO,MAAM,CAAA;IACf,CAAC;IAGD;;;;OAIG;IACH,QAAQ,CAAE,QAAiB;QACzB,MAAM,OAAO,GAAG,CAAC,IAAI,CAAC,KAAK,GAAG,QAAQ,CAAC,aAAa,EAAE,CAAC,GAAG,CAAC,IAAI,CAAC,UAAU,GAAG,QAAQ,CAAC,kBAAkB,EAAE,CAAC,CAAC;QAC5G,MAAM,OAAO,GAAG,CAAC,IAAI,CAAC,KAAK,GAAG,QAAQ,CAAC,kBAAkB,EAAE,CAAC,GAAG,CAAC,IAAI,CAAC,UAAU,GAAG,QAAQ,CAAC,aAAa,EAAE,CAAC,CAAC;QAC5G,MAAM,MAAM,GAAG,IAAI,OAAO,CAAC,OAAO,EAAE,OAAO,CAAC,CAAC;QAC7C,OAAO,MAAM,CAAA;IACf,CAAC;CAEF;AA/ED,0BA+EC","sourcesContent":["import { Arithmeticable } from \"./arithmeticableInterface\";\n\nexport class Complex implements Arithmeticable<Complex> {\n  private _real: number\n  private _imaginary: number\n\n  /**\n   * Constructor de la clase Complex\n   * @param real \n   * @param imaginary \n   */\n  constructor(real: number, imaginary: number) {\n    this._real = real\n    this._imaginary = imaginary\n  }\n\n  /**\n   * Metodo para obtener la parte real del numero complejo\n   * @returns \n   */\n  public getRealNumbER(): number {\n    return this._real\n  }\n\n  /**\n   * Metodo para obtener la parte imaginaria del numero complejo\n   * @returns \n   */\n  public getImaginaryNumber(): number {\n    return this._imaginary\n  }\n\n  /**\n   * Metodo para sumar dos numeros complejos\n   * @param operando \n   * @returns \n   */\n  add (operando: Complex): Complex {\n    const result1 = this._real + operando.getRealNumbER();\n    const result2 = this._imaginary + operando.getImaginaryNumber();\n    const result = new Complex(result1, result2);\n    return result;\n  }\n\n  /**\n   * Metodo para restar dos numeros complejos\n   * @param operando \n   * @returns \n   */\n  substract (operando: Complex): Complex {\n    const result1 = this._real - operando.getRealNumbER();\n    const result2 = this._imaginary - operando.getImaginaryNumber();\n    const result = new Complex(result1, result2);\n    return result;\n  }\n\n  /**\n   * Metodo para dividir dos numeros complejos\n   * @param operando \n   * @returns \n   */\n  divide (operando: Complex): Complex {\n    const result1 = ((this._real * operando.getRealNumbER()) + (this._imaginary * operando.getImaginaryNumber())) / (Math.pow(this._imaginary,2) + Math.pow(operando.getImaginaryNumber(),2))\n    const result2 =  ((this._imaginary * operando.getRealNumbER()) - (this._real * operando.getImaginaryNumber()))/ (Math.pow(this._imaginary,2) + Math.pow(operando.getImaginaryNumber(),2))\n    const result = new Complex(result1, result2);\n    return result\n  }\n\n\n  /**\n   * Metodo para multiplicar dos numeros complejos\n   * @param operando \n   * @returns \n   */\n  multiply (operando: Complex): Complex {\n    const result1 = (this._real * operando.getRealNumbER()) - (this._imaginary * operando.getImaginaryNumber());\n    const result2 = (this._real * operando.getImaginaryNumber()) + (this._imaginary * operando.getRealNumbER());\n    const result = new Complex(result1, result2);\n    return result\n  }\n\n}\n"]},"_coverageSchema":"1a1c01bbd47fc00a2c39e90264f33305004495a9","hash":"a856b400a8b29960918e7746aa146662bf6bcbe5","contentHash":"c588c374a2197d11b30387c98aee059d86037b9c61bf2f8925da445312254b16"},"/home/usuario/ull-esit-inf-dsi-22-23-prct06-generics-solid-Adrian-glz01/src/ejercicio-3/cancionClass.ts":{"path":"/home/usuario/ull-esit-inf-dsi-22-23-prct06-generics-solid-Adrian-glz01/src/ejercicio-3/cancionClass.ts","statementMap":{"0":{"start":{"line":2,"column":0},"end":{"line":2,"column":62}},"1":{"start":{"line":3,"column":0},"end":{"line":3,"column":25}},"2":{"start":{"line":19,"column":8},"end":{"line":19,"column":33}},"3":{"start":{"line":20,"column":8},"end":{"line":20,"column":33}},"4":{"start":{"line":21,"column":8},"end":{"line":21,"column":29}},"5":{"start":{"line":22,"column":8},"end":{"line":22,"column":29}},"6":{"start":{"line":23,"column":8},"end":{"line":23,"column":61}},"7":{"start":{"line":30,"column":8},"end":{"line":30,"column":29}},"8":{"start":{"line":37,"column":8},"end":{"line":37,"column":29}},"9":{"start":{"line":44,"column":8},"end":{"line":44,"column":43}},"10":{"start":{"line":51,"column":8},"end":{"line":60,"column":41}},"11":{"start":{"line":63,"column":0},"end":{"line":63,"column":26}}},"fnMap":{"0":{"name":"(anonymous_0)","decl":{"start":{"line":18,"column":4},"end":{"line":18,"column":5}},"loc":{"start":{"line":18,"column":76},"end":{"line":24,"column":5}},"line":18},"1":{"name":"(anonymous_1)","decl":{"start":{"line":29,"column":4},"end":{"line":29,"column":5}},"loc":{"start":{"line":29,"column":15},"end":{"line":31,"column":5}},"line":29},"2":{"name":"(anonymous_2)","decl":{"start":{"line":36,"column":4},"end":{"line":36,"column":5}},"loc":{"start":{"line":36,"column":22},"end":{"line":38,"column":5}},"line":36},"3":{"name":"(anonymous_3)","decl":{"start":{"line":43,"column":4},"end":{"line":43,"column":5}},"loc":{"start":{"line":43,"column":32},"end":{"line":45,"column":5}},"line":43},"4":{"name":"(anonymous_4)","decl":{"start":{"line":50,"column":4},"end":{"line":50,"column":5}},"loc":{"start":{"line":50,"column":24},"end":{"line":61,"column":5}},"line":50}},"branchMap":{},"s":{"0":1,"1":1,"2":96,"3":96,"4":96,"5":96,"6":96,"7":504,"8":97,"9":97,"10":1,"11":1},"f":{"0":96,"1":504,"2":97,"3":97,"4":1},"b":{},"inputSourceMap":{"version":3,"file":"/home/usuario/ull-esit-inf-dsi-22-23-prct06-generics-solid-Adrian-glz01/src/ejercicio-3/cancionClass.ts","sources":["/home/usuario/ull-esit-inf-dsi-22-23-prct06-generics-solid-Adrian-glz01/src/ejercicio-3/cancionClass.ts"],"names":[],"mappings":";;;AAAA,MAAa,OAAO;IACT,QAAQ,CAAS;IAChB,QAAQ,CAAS;IAClB,MAAM,CAAS;IACf,MAAM,CAAU;IAChB,sBAAsB,CAAS;IAEtC;;;;;;;OAOG;IACH,YACE,QAAgB,EAChB,QAAgB,EAChB,MAAc,EACd,MAAe,EACf,sBAA8B;QAE9B,IAAI,CAAC,QAAQ,GAAG,QAAQ,CAAC;QACzB,IAAI,CAAC,QAAQ,GAAG,QAAQ,CAAC;QACzB,IAAI,CAAC,MAAM,GAAG,MAAM,CAAC;QACrB,IAAI,CAAC,MAAM,GAAG,MAAM,CAAC;QACrB,IAAI,CAAC,sBAAsB,GAAG,sBAAsB,CAAC;IACvD,CAAC;IAED;;;OAGG;IACH,QAAQ;QACN,OAAO,IAAI,CAAC,QAAQ,CAAC;IACvB,CAAC;IAED;;;OAGG;IACH,IAAW,WAAW;QACpB,OAAO,IAAI,CAAC,QAAQ,CAAC;IACvB,CAAC;IAED;;;OAGG;IACI,yBAAyB;QAC9B,OAAO,IAAI,CAAC,sBAAsB,CAAC;IACrC,CAAC;IAED;;;OAGG;IACI,iBAAiB;QACtB,OAAO,CACL,SAAS;YACT,IAAI,CAAC,QAAQ;YACb,IAAI;YACJ,IAAI,CAAC,QAAQ;YACb,IAAI;YACJ,IAAI,CAAC,MAAM;YACX,IAAI;YACJ,IAAI,CAAC,MAAM;YACX,IAAI;YACJ,IAAI,CAAC,sBAAsB,CAC5B,CAAC;IACJ,CAAC;CACF;AAvEH,0BAuEG","sourcesContent":["export class Cancion {\n    public nombreCa: string;\n    private duracion: number;\n    public genero: string;\n    public single: boolean;\n    public numeroDeReproducciones: number;\n  \n    /**\n     * Constructor de la clase Cancion\n     * @param nombreCa \n     * @param duracion \n     * @param genero \n     * @param single \n     * @param numeroDeReproducciones \n     */\n    constructor(\n      nombreCa: string,\n      duracion: number,\n      genero: string,\n      single: boolean,\n      numeroDeReproducciones: number\n    ) {\n      this.nombreCa = nombreCa;\n      this.duracion = duracion;\n      this.genero = genero;\n      this.single = single;\n      this.numeroDeReproducciones = numeroDeReproducciones;\n    }\n  \n    /**\n     * Metodo para obtener el titulo de la cancion\n     * @returns \n     */\n    getTitle(): string {\n      return this.nombreCa;\n    }\n  \n    /**\n     * Metodo para obtener la duracion de la cancion\n     * @returns\n     */\n    public get getDuracion(): number {\n      return this.duracion;\n    }\n  \n    /**\n     * Metodo para obtener el numero de reproducciones de la cancion\n     * @returns \n     */\n    public getNumeroDeReproducciones(): number {\n      return this.numeroDeReproducciones;\n    }\n  \n    /**\n     * Metodo para devolver los elementos de la cancion en formato string\n     * @returns \n     */\n    public getSongElementStr(): string {\n      return (\n        \"SONG_: \" +\n        this.nombreCa +\n        \", \" +\n        this.duracion +\n        \", \" +\n        this.genero +\n        \", \" +\n        this.single +\n        \", \" +\n        this.numeroDeReproducciones\n      );\n    }\n  }\n  "]},"_coverageSchema":"1a1c01bbd47fc00a2c39e90264f33305004495a9","hash":"732a3153660608cc951349298a5d6a4354e65458","contentHash":"ed4176e6e72be00996182949714697bbcb22e74ac793a6e6945120d6f20ab046"},"/home/usuario/ull-esit-inf-dsi-22-23-prct06-generics-solid-Adrian-glz01/src/ejercicio-3/discoClass.ts":{"path":"/home/usuario/ull-esit-inf-dsi-22-23-prct06-generics-solid-Adrian-glz01/src/ejercicio-3/discoClass.ts","statementMap":{"0":{"start":{"line":2,"column":0},"end":{"line":2,"column":62}},"1":{"start":{"line":3,"column":0},"end":{"line":3,"column":23}},"2":{"start":{"line":15,"column":8},"end":{"line":15,"column":25}},"3":{"start":{"line":16,"column":8},"end":{"line":16,"column":25}},"4":{"start":{"line":17,"column":8},"end":{"line":17,"column":27}},"5":{"start":{"line":24,"column":8},"end":{"line":24,"column":26}},"6":{"start":{"line":31,"column":8},"end":{"line":31,"column":33}},"7":{"start":{"line":38,"column":19},"end":{"line":38,"column":20}},"8":{"start":{"line":39,"column":8},"end":{"line":41,"column":11}},"9":{"start":{"line":40,"column":12},"end":{"line":40,"column":37}},"10":{"start":{"line":42,"column":8},"end":{"line":42,"column":20}},"11":{"start":{"line":49,"column":33},"end":{"line":49,"column":34}},"12":{"start":{"line":50,"column":8},"end":{"line":52,"column":11}},"13":{"start":{"line":51,"column":12},"end":{"line":51,"column":67}},"14":{"start":{"line":53,"column":8},"end":{"line":53,"column":34}},"15":{"start":{"line":61,"column":22},"end":{"line":61,"column":24}},"16":{"start":{"line":63,"column":8},"end":{"line":67,"column":11}},"17":{"start":{"line":64,"column":12},"end":{"line":66,"column":13}},"18":{"start":{"line":65,"column":16},"end":{"line":65,"column":49}},"19":{"start":{"line":68,"column":8},"end":{"line":68,"column":86}},"20":{"start":{"line":71,"column":0},"end":{"line":71,"column":22}}},"fnMap":{"0":{"name":"(anonymous_0)","decl":{"start":{"line":14,"column":4},"end":{"line":14,"column":5}},"loc":{"start":{"line":14,"column":35},"end":{"line":18,"column":5}},"line":14},"1":{"name":"(anonymous_1)","decl":{"start":{"line":23,"column":4},"end":{"line":23,"column":5}},"loc":{"start":{"line":23,"column":15},"end":{"line":25,"column":5}},"line":23},"2":{"name":"(anonymous_2)","decl":{"start":{"line":30,"column":4},"end":{"line":30,"column":5}},"loc":{"start":{"line":30,"column":23},"end":{"line":32,"column":5}},"line":30},"3":{"name":"(anonymous_3)","decl":{"start":{"line":37,"column":4},"end":{"line":37,"column":5}},"loc":{"start":{"line":37,"column":27},"end":{"line":43,"column":5}},"line":37},"4":{"name":"(anonymous_4)","decl":{"start":{"line":39,"column":27},"end":{"line":39,"column":28}},"loc":{"start":{"line":39,"column":37},"end":{"line":41,"column":9}},"line":39},"5":{"name":"(anonymous_5)","decl":{"start":{"line":48,"column":4},"end":{"line":48,"column":5}},"loc":{"start":{"line":48,"column":28},"end":{"line":54,"column":5}},"line":48},"6":{"name":"(anonymous_6)","decl":{"start":{"line":50,"column":27},"end":{"line":50,"column":28}},"loc":{"start":{"line":50,"column":37},"end":{"line":52,"column":9}},"line":50},"7":{"name":"(anonymous_7)","decl":{"start":{"line":60,"column":4},"end":{"line":60,"column":5}},"loc":{"start":{"line":60,"column":24},"end":{"line":69,"column":5}},"line":60},"8":{"name":"(anonymous_8)","decl":{"start":{"line":63,"column":27},"end":{"line":63,"column":28}},"loc":{"start":{"line":63,"column":37},"end":{"line":67,"column":9}},"line":63}},"branchMap":{"0":{"loc":{"start":{"line":64,"column":12},"end":{"line":66,"column":13}},"type":"if","locations":[{"start":{"line":64,"column":12},"end":{"line":66,"column":13}},{"start":{"line":64,"column":12},"end":{"line":66,"column":13}}],"line":64}},"s":{"0":1,"1":1,"2":16,"3":16,"4":16,"5":36,"6":6,"7":6,"8":6,"9":74,"10":6,"11":6,"12":6,"13":74,"14":6,"15":4,"16":4,"17":54,"18":54,"19":4,"20":1},"f":{"0":16,"1":36,"2":6,"3":6,"4":74,"5":6,"6":74,"7":4,"8":54},"b":{"0":[54,0]},"inputSourceMap":{"version":3,"file":"/home/usuario/ull-esit-inf-dsi-22-23-prct06-generics-solid-Adrian-glz01/src/ejercicio-3/discoClass.ts","sources":["/home/usuario/ull-esit-inf-dsi-22-23-prct06-generics-solid-Adrian-glz01/src/ejercicio-3/discoClass.ts"],"names":[],"mappings":";;;AAEA,MAAa,KAAK;IACT,IAAI,CAAS;IACb,IAAI,CAAS;IACZ,KAAK,CAAY;IAEzB;;;;;OAKG;IACH,YAAY,IAAY,EAAE,IAAY,EAAE,KAAgB;QACtD,IAAI,CAAC,IAAI,GAAG,IAAI,CAAC;QACjB,IAAI,CAAC,IAAI,GAAG,IAAI,CAAC;QACjB,IAAI,CAAC,KAAK,GAAG,KAAK,CAAC;IACrB,CAAC;IAED;;;OAGG;IACI,QAAQ;QACb,OAAO,IAAI,CAAC,KAAK,CAAC;IACpB,CAAC;IAED;;;OAGG;IACI,gBAAgB;QACrB,OAAO,IAAI,CAAC,KAAK,CAAC,MAAM,CAAC;IAC3B,CAAC;IAED;;;OAGG;IACI,oBAAoB;QACzB,IAAI,IAAI,GAAG,CAAC,CAAC;QACb,IAAI,CAAC,KAAK,CAAC,OAAO,CAAC,CAAC,IAAI,EAAE,EAAE;YAC1B,IAAI,IAAI,IAAI,CAAC,WAAW,CAAC;QAC3B,CAAC,CAAC,CAAC;QACH,OAAO,IAAI,CAAC;IACd,CAAC;IAED;;;OAGG;IACI,qBAAqB;QAC1B,IAAI,kBAAkB,GAAG,CAAC,CAAC;QAC3B,IAAI,CAAC,KAAK,CAAC,OAAO,CAAC,CAAC,IAAI,EAAE,EAAE;YAC1B,kBAAkB,IAAI,IAAI,CAAC,yBAAyB,EAAE,CAAC;QACzD,CAAC,CAAC,CAAC;QACH,OAAO,kBAAkB,CAAC;IAC5B,CAAC;IAED;;;;OAIG;IACI,WAAW,CAAC,MAAc;QAC/B,IAAI,OAAO,GAAG,EAAE,CAAC;QACjB,4BAA4B;QAC5B,IAAI,CAAC,KAAK,CAAC,OAAO,CAAC,CAAC,IAAI,EAAE,EAAE;YAC1B,IAAI,MAAM,KAAK,IAAI,CAAC,IAAI,EAAE;gBACxB,OAAO,IAAI,IAAI,CAAC,QAAQ,EAAE,GAAG,GAAG,CAAC;aAClC;QACH,CAAC,CAAC,CAAC;QACH,OAAO,SAAS,GAAG,IAAI,CAAC,IAAI,GAAG,IAAI,GAAG,IAAI,CAAC,IAAI,GAAG,IAAI,GAAG,IAAI,GAAG,OAAO,GAAG,GAAG,CAAC;IAChF,CAAC;CAEF;AAzED,sBAyEC","sourcesContent":["import { Cancion } from \"./cancionClass\";\n\nexport class Disco {\n  public name: string;\n  public year: number;\n  private songs: Cancion[];\n\n  /**\n   * Constructor de la clase Disco\n   * @param name \n   * @param año \n   * @param canciones \n   */\n  constructor(name: string, year: number, songs: Cancion[]) {\n    this.name = name;\n    this.year = year;\n    this.songs = songs;\n  }\n\n  /**\n   * Metodo publico para obtener las canciones del disco\n   * @returns \n   */\n  public getSongs(): Cancion[] {\n    return this.songs;\n  }\n\n  /**\n   * Metodo publico para obtener el numero de canciones del disco\n   * @returns \n   */\n  public getNumberOfSongs(): number {\n    return this.songs.length;\n  }\n\n  /**\n   * Metodo publico para obtener la duracion total de las canciones del disco\n   * @returns \n   */\n  public getTimeOfSongsInDisk(): number {\n    let time = 0;\n    this.songs.forEach((song) => {\n      time += song.getDuracion;\n    });\n    return time;\n  }\n\n  /**\n   * Metodo publico para obtener el numero de reproducciones del disco\n   * @returns \n   */\n  public getNumOfReproductions(): number {\n    let numOfReproductions = 0;\n    this.songs.forEach((song) => {\n      numOfReproductions += song.getNumeroDeReproducciones();\n    });\n    return numOfReproductions;\n  }\n\n  /**\n   * Metodo publico para los elementos del disco en formato string\n   * @param cadena \n   * @returns \n   */\n  public getDiscoStr(cadena: string): string {\n    let str_aux = \"\";\n    // console.log(cadena + \":\")\n    this.songs.forEach((song) => {\n      if (cadena === this.name) {\n        str_aux += song.getTitle() + \" \";\n      }\n    });\n    return \"DISC_: \" + this.name + \", \" + this.year + \", \" + \"[ \" + str_aux + \"]\";\n  }\n\n}"]},"_coverageSchema":"1a1c01bbd47fc00a2c39e90264f33305004495a9","hash":"d9a2e416b15dbec0f98889eef9e597094ab06b42","contentHash":"d9ca26c89324f0b40ca9b9525b96863d903767b1ad077729bb7606c9a6ad6c36"},"/home/usuario/ull-esit-inf-dsi-22-23-prct06-generics-solid-Adrian-glz01/src/ejercicio-3/singleClass.ts":{"path":"/home/usuario/ull-esit-inf-dsi-22-23-prct06-generics-solid-Adrian-glz01/src/ejercicio-3/singleClass.ts","statementMap":{"0":{"start":{"line":2,"column":0},"end":{"line":2,"column":62}},"1":{"start":{"line":3,"column":0},"end":{"line":3,"column":24}},"2":{"start":{"line":17,"column":8},"end":{"line":17,"column":25}},"3":{"start":{"line":18,"column":8},"end":{"line":18,"column":25}},"4":{"start":{"line":19,"column":8},"end":{"line":19,"column":25}},"5":{"start":{"line":20,"column":8},"end":{"line":20,"column":31}},"6":{"start":{"line":27,"column":8},"end":{"line":27,"column":25}},"7":{"start":{"line":34,"column":8},"end":{"line":34,"column":25}},"8":{"start":{"line":41,"column":8},"end":{"line":41,"column":25}},"9":{"start":{"line":48,"column":8},"end":{"line":48,"column":28}},"10":{"start":{"line":55,"column":8},"end":{"line":55,"column":37}},"11":{"start":{"line":62,"column":8},"end":{"line":62,"column":53}},"12":{"start":{"line":65,"column":0},"end":{"line":65,"column":24}}},"fnMap":{"0":{"name":"(anonymous_0)","decl":{"start":{"line":16,"column":4},"end":{"line":16,"column":5}},"loc":{"start":{"line":16,"column":43},"end":{"line":21,"column":5}},"line":16},"1":{"name":"(anonymous_1)","decl":{"start":{"line":26,"column":4},"end":{"line":26,"column":5}},"loc":{"start":{"line":26,"column":14},"end":{"line":28,"column":5}},"line":26},"2":{"name":"(anonymous_2)","decl":{"start":{"line":33,"column":4},"end":{"line":33,"column":5}},"loc":{"start":{"line":33,"column":14},"end":{"line":35,"column":5}},"line":33},"3":{"name":"(anonymous_3)","decl":{"start":{"line":40,"column":4},"end":{"line":40,"column":5}},"loc":{"start":{"line":40,"column":14},"end":{"line":42,"column":5}},"line":40},"4":{"name":"(anonymous_4)","decl":{"start":{"line":47,"column":4},"end":{"line":47,"column":5}},"loc":{"start":{"line":47,"column":17},"end":{"line":49,"column":5}},"line":47},"5":{"name":"(anonymous_5)","decl":{"start":{"line":54,"column":4},"end":{"line":54,"column":5}},"loc":{"start":{"line":54,"column":22},"end":{"line":56,"column":5}},"line":54},"6":{"name":"(anonymous_6)","decl":{"start":{"line":61,"column":4},"end":{"line":61,"column":5}},"loc":{"start":{"line":61,"column":28},"end":{"line":63,"column":5}},"line":61}},"branchMap":{},"s":{"0":1,"1":1,"2":16,"3":16,"4":16,"5":16,"6":50,"7":4,"8":4,"9":4,"10":5,"11":5,"12":1},"f":{"0":16,"1":50,"2":4,"3":4,"4":4,"5":5,"6":5},"b":{},"inputSourceMap":{"version":3,"file":"/home/usuario/ull-esit-inf-dsi-22-23-prct06-generics-solid-Adrian-glz01/src/ejercicio-3/singleClass.ts","sources":["/home/usuario/ull-esit-inf-dsi-22-23-prct06-generics-solid-Adrian-glz01/src/ejercicio-3/singleClass.ts"],"names":[],"mappings":";;;AAGA,MAAa,MAAM;IACT,IAAI,CAAS;IACb,IAAI,CAAS;IACb,IAAI,CAAU;IACd,OAAO,CAAoB;IAEnC;;;;;;OAMG;IACH,YAAY,IAAY,EAAE,IAAY,EAAE,IAAa,EAAE,OAA0B;QAC/E,IAAI,CAAC,IAAI,GAAG,IAAI,CAAC;QACjB,IAAI,CAAC,IAAI,GAAG,IAAI,CAAC;QACjB,IAAI,CAAC,IAAI,GAAG,IAAI,CAAC;QACjB,IAAI,CAAC,OAAO,GAAG,OAAO,CAAC;IACzB,CAAC;IAED;;;OAGG;IACI,OAAO;QACZ,OAAO,IAAI,CAAC,IAAI,CAAC;IACnB,CAAC;IAED;;;OAGG;IACI,OAAO;QACZ,OAAO,IAAI,CAAC,IAAI,CAAC;IACnB,CAAC;IAED;;;OAGG;IACI,OAAO;QACZ,OAAO,IAAI,CAAC,IAAI,CAAC;IACnB,CAAC;IAED;;;OAGG;IACI,UAAU;QACf,OAAO,IAAI,CAAC,OAAO,CAAC;IACtB,CAAC;IAED;;;OAGG;IACI,eAAe;QACpB,OAAO,IAAI,CAAC,IAAI,CAAC,WAAW,CAAC;IAC/B,CAAC;IAED;;;OAGG;IACI,qBAAqB;QAC1B,OAAO,IAAI,CAAC,IAAI,CAAC,yBAAyB,EAAE,CAAC;IAC/C,CAAC;CACF;AAnED,wBAmEC","sourcesContent":["import { Cancion } from \"./cancionClass\";\n\n\nexport class Single {\n  private name: string;\n  private year: number;\n  private song: Cancion;\n  private version: string | string[];\n\n  /**\n   * Constructor de la clase _Single_\n   * @param name \n   * @param year \n   * @param song \n   * @param version \n   */\n  constructor(name: string, year: number, song: Cancion, version: string | string[]) {\n    this.name = name;\n    this.year = year;\n    this.song = song;\n    this.version = version;\n  }\n\n  /**\n   * Metodo para acceder al nombre del single\n   * @returns \n   */\n  public getName():string {\n    return this.name;\n  }\n\n  /**\n   *  Metodo para acceder al año del single\n   * @returns\n   */\n  public getYear(): number {\n    return this.year;\n  }\n\n  /**\n   * Metodo para acceder a la cancion del single\n   * @returns \n   */\n  public getSong(): Cancion  {\n    return this.song;\n  }\n\n  /**\n   * Metodo para acceder a la version del single\n   * @returns \n   */\n  public getVersion(): string | string[] {\n    return this.version;\n  }\n\n  /**\n   * Metodo para acceder a la duracion de la cancion del single\n   * @returns \n   */\n  public getSongDuration(): number {\n    return this.song.getDuracion;\n  }\n\n  /**\n   * Metodo para acceder al numero de reproducciones de la cancion del single\n   * @returns \n   */\n  public getNumOfReproductions(): number {\n    return this.song.getNumeroDeReproducciones();\n  }\n}"]},"_coverageSchema":"1a1c01bbd47fc00a2c39e90264f33305004495a9","hash":"6cfd400babb87a720a2aa2e71d0a8ddad8b01797","contentHash":"99faddf2b2eed2f5008c4b2c088d1ef3f48e45b8737afa102adb95f4f3a454e2"},"/home/usuario/ull-esit-inf-dsi-22-23-prct06-generics-solid-Adrian-glz01/src/ejercicio-3/discografiaClass.ts":{"path":"/home/usuario/ull-esit-inf-dsi-22-23-prct06-generics-solid-Adrian-glz01/src/ejercicio-3/discografiaClass.ts","statementMap":{"0":{"start":{"line":2,"column":0},"end":{"line":2,"column":62}},"1":{"start":{"line":3,"column":0},"end":{"line":3,"column":29}},"2":{"start":{"line":11,"column":8},"end":{"line":11,"column":29}},"3":{"start":{"line":18,"column":8},"end":{"line":18,"column":27}},"4":{"start":{"line":21,"column":0},"end":{"line":21,"column":34}}},"fnMap":{"0":{"name":"(anonymous_0)","decl":{"start":{"line":10,"column":4},"end":{"line":10,"column":5}},"loc":{"start":{"line":10,"column":24},"end":{"line":12,"column":5}},"line":10},"1":{"name":"(anonymous_1)","decl":{"start":{"line":17,"column":4},"end":{"line":17,"column":5}},"loc":{"start":{"line":17,"column":16},"end":{"line":19,"column":5}},"line":17}},"branchMap":{},"s":{"0":1,"1":1,"2":7,"3":24,"4":1},"f":{"0":7,"1":24},"b":{},"inputSourceMap":{"version":3,"file":"/home/usuario/ull-esit-inf-dsi-22-23-prct06-generics-solid-Adrian-glz01/src/ejercicio-3/discografiaClass.ts","sources":["/home/usuario/ull-esit-inf-dsi-22-23-prct06-generics-solid-Adrian-glz01/src/ejercicio-3/discografiaClass.ts"],"names":[],"mappings":";;;AAGA,MAAa,WAAW;IACd,MAAM,CAAM;IAEpB;;;OAGG;IACH,YAAY,MAAW;QACrB,IAAI,CAAC,MAAM,GAAG,MAAM,CAAC;IACvB,CAAC;IAED;;;OAGG;IACI,SAAS;QACd,OAAO,IAAI,CAAC,MAAM,CAAC;IACrB,CAAC;CACF;AAlBD,kCAkBC","sourcesContent":["import { Disco } from \"./discoClass\";\nimport { Single } from \"./singleClass\";\n\nexport class Discografia<T extends Disco | Single> {\n  private discos: T[];\n\n  /**\n   * Constructor de la clase Discografia\n   * @param discos \n   */\n  constructor(discos: T[]) {\n    this.discos = discos;\n  }\n\n  /**\n   * Getter de los discos\n   * @returns \n   */\n  public getDiscos(): T[] {\n    return this.discos;\n  }\n}"]},"_coverageSchema":"1a1c01bbd47fc00a2c39e90264f33305004495a9","hash":"7b5e09df0b0a8d30846f21d728d980d46bb22e3a","contentHash":"64d51001001aaa7b2e1858f4796ff524a4bf32db7d0791bafbc147ac72b3e195"},"/home/usuario/ull-esit-inf-dsi-22-23-prct06-generics-solid-Adrian-glz01/src/ejercicio-3/artistaClass.ts":{"path":"/home/usuario/ull-esit-inf-dsi-22-23-prct06-generics-solid-Adrian-glz01/src/ejercicio-3/artistaClass.ts","statementMap":{"0":{"start":{"line":2,"column":0},"end":{"line":2,"column":62}},"1":{"start":{"line":3,"column":0},"end":{"line":3,"column":25}},"2":{"start":{"line":4,"column":21},"end":{"line":4,"column":44}},"3":{"start":{"line":5,"column":22},"end":{"line":5,"column":46}},"4":{"start":{"line":17,"column":8},"end":{"line":17,"column":33}},"5":{"start":{"line":18,"column":8},"end":{"line":18,"column":71}},"6":{"start":{"line":19,"column":8},"end":{"line":19,"column":39}},"7":{"start":{"line":23,"column":23},"end":{"line":23,"column":24}},"8":{"start":{"line":24,"column":8},"end":{"line":36,"column":11}},"9":{"start":{"line":25,"column":12},"end":{"line":35,"column":13}},"10":{"start":{"line":26,"column":16},"end":{"line":28,"column":17}},"11":{"start":{"line":27,"column":20},"end":{"line":27,"column":55}},"12":{"start":{"line":30,"column":17},"end":{"line":35,"column":13}},"13":{"start":{"line":31,"column":16},"end":{"line":34,"column":17}},"14":{"start":{"line":32,"column":20},"end":{"line":32,"column":41}},"15":{"start":{"line":33,"column":20},"end":{"line":33,"column":33}},"16":{"start":{"line":37,"column":8},"end":{"line":37,"column":24}},"17":{"start":{"line":45,"column":26},"end":{"line":45,"column":27}},"18":{"start":{"line":46,"column":8},"end":{"line":57,"column":11}},"19":{"start":{"line":47,"column":12},"end":{"line":56,"column":13}},"20":{"start":{"line":48,"column":16},"end":{"line":50,"column":17}},"21":{"start":{"line":49,"column":20},"end":{"line":49,"column":62}},"22":{"start":{"line":52,"column":17},"end":{"line":56,"column":13}},"23":{"start":{"line":53,"column":16},"end":{"line":55,"column":17}},"24":{"start":{"line":54,"column":20},"end":{"line":54,"column":57}},"25":{"start":{"line":58,"column":8},"end":{"line":58,"column":27}},"26":{"start":{"line":66,"column":32},"end":{"line":66,"column":33}},"27":{"start":{"line":67,"column":8},"end":{"line":78,"column":11}},"28":{"start":{"line":68,"column":12},"end":{"line":77,"column":13}},"29":{"start":{"line":69,"column":16},"end":{"line":71,"column":17}},"30":{"start":{"line":70,"column":20},"end":{"line":70,"column":69}},"31":{"start":{"line":73,"column":17},"end":{"line":77,"column":13}},"32":{"start":{"line":74,"column":16},"end":{"line":76,"column":17}},"33":{"start":{"line":75,"column":20},"end":{"line":75,"column":69}},"34":{"start":{"line":79,"column":8},"end":{"line":79,"column":33}},"35":{"start":{"line":87,"column":19},"end":{"line":87,"column":21}},"36":{"start":{"line":88,"column":8},"end":{"line":95,"column":9}},"37":{"start":{"line":89,"column":12},"end":{"line":89,"column":37}},"38":{"start":{"line":92,"column":12},"end":{"line":94,"column":15}},"39":{"start":{"line":93,"column":16},"end":{"line":93,"column":40}},"40":{"start":{"line":96,"column":8},"end":{"line":96,"column":20}},"41":{"start":{"line":99,"column":0},"end":{"line":99,"column":26}}},"fnMap":{"0":{"name":"(anonymous_0)","decl":{"start":{"line":16,"column":4},"end":{"line":16,"column":5}},"loc":{"start":{"line":16,"column":68},"end":{"line":20,"column":5}},"line":16},"1":{"name":"(anonymous_1)","decl":{"start":{"line":22,"column":4},"end":{"line":22,"column":5}},"loc":{"start":{"line":22,"column":42},"end":{"line":38,"column":5}},"line":22},"2":{"name":"(anonymous_2)","decl":{"start":{"line":24,"column":45},"end":{"line":24,"column":46}},"loc":{"start":{"line":24,"column":55},"end":{"line":36,"column":9}},"line":24},"3":{"name":"(anonymous_3)","decl":{"start":{"line":44,"column":4},"end":{"line":44,"column":5}},"loc":{"start":{"line":44,"column":43},"end":{"line":59,"column":5}},"line":44},"4":{"name":"(anonymous_4)","decl":{"start":{"line":46,"column":45},"end":{"line":46,"column":46}},"loc":{"start":{"line":46,"column":55},"end":{"line":57,"column":9}},"line":46},"5":{"name":"(anonymous_5)","decl":{"start":{"line":65,"column":4},"end":{"line":65,"column":5}},"loc":{"start":{"line":65,"column":35},"end":{"line":80,"column":5}},"line":65},"6":{"name":"(anonymous_6)","decl":{"start":{"line":67,"column":45},"end":{"line":67,"column":46}},"loc":{"start":{"line":67,"column":55},"end":{"line":78,"column":9}},"line":67},"7":{"name":"(anonymous_7)","decl":{"start":{"line":86,"column":4},"end":{"line":86,"column":5}},"loc":{"start":{"line":86,"column":31},"end":{"line":97,"column":5}},"line":86},"8":{"name":"(anonymous_8)","decl":{"start":{"line":92,"column":28},"end":{"line":92,"column":29}},"loc":{"start":{"line":92,"column":38},"end":{"line":94,"column":13}},"line":92}},"branchMap":{"0":{"loc":{"start":{"line":25,"column":12},"end":{"line":35,"column":13}},"type":"if","locations":[{"start":{"line":25,"column":12},"end":{"line":35,"column":13}},{"start":{"line":25,"column":12},"end":{"line":35,"column":13}}],"line":25},"1":{"loc":{"start":{"line":26,"column":16},"end":{"line":28,"column":17}},"type":"if","locations":[{"start":{"line":26,"column":16},"end":{"line":28,"column":17}},{"start":{"line":26,"column":16},"end":{"line":28,"column":17}}],"line":26},"2":{"loc":{"start":{"line":30,"column":17},"end":{"line":35,"column":13}},"type":"if","locations":[{"start":{"line":30,"column":17},"end":{"line":35,"column":13}},{"start":{"line":30,"column":17},"end":{"line":35,"column":13}}],"line":30},"3":{"loc":{"start":{"line":31,"column":16},"end":{"line":34,"column":17}},"type":"if","locations":[{"start":{"line":31,"column":16},"end":{"line":34,"column":17}},{"start":{"line":31,"column":16},"end":{"line":34,"column":17}}],"line":31},"4":{"loc":{"start":{"line":47,"column":12},"end":{"line":56,"column":13}},"type":"if","locations":[{"start":{"line":47,"column":12},"end":{"line":56,"column":13}},{"start":{"line":47,"column":12},"end":{"line":56,"column":13}}],"line":47},"5":{"loc":{"start":{"line":48,"column":16},"end":{"line":50,"column":17}},"type":"if","locations":[{"start":{"line":48,"column":16},"end":{"line":50,"column":17}},{"start":{"line":48,"column":16},"end":{"line":50,"column":17}}],"line":48},"6":{"loc":{"start":{"line":52,"column":17},"end":{"line":56,"column":13}},"type":"if","locations":[{"start":{"line":52,"column":17},"end":{"line":56,"column":13}},{"start":{"line":52,"column":17},"end":{"line":56,"column":13}}],"line":52},"7":{"loc":{"start":{"line":53,"column":16},"end":{"line":55,"column":17}},"type":"if","locations":[{"start":{"line":53,"column":16},"end":{"line":55,"column":17}},{"start":{"line":53,"column":16},"end":{"line":55,"column":17}}],"line":53},"8":{"loc":{"start":{"line":68,"column":12},"end":{"line":77,"column":13}},"type":"if","locations":[{"start":{"line":68,"column":12},"end":{"line":77,"column":13}},{"start":{"line":68,"column":12},"end":{"line":77,"column":13}}],"line":68},"9":{"loc":{"start":{"line":69,"column":16},"end":{"line":71,"column":17}},"type":"if","locations":[{"start":{"line":69,"column":16},"end":{"line":71,"column":17}},{"start":{"line":69,"column":16},"end":{"line":71,"column":17}}],"line":69},"10":{"loc":{"start":{"line":73,"column":17},"end":{"line":77,"column":13}},"type":"if","locations":[{"start":{"line":73,"column":17},"end":{"line":77,"column":13}},{"start":{"line":73,"column":17},"end":{"line":77,"column":13}}],"line":73},"11":{"loc":{"start":{"line":74,"column":16},"end":{"line":76,"column":17}},"type":"if","locations":[{"start":{"line":74,"column":16},"end":{"line":76,"column":17}},{"start":{"line":74,"column":16},"end":{"line":76,"column":17}}],"line":74},"12":{"loc":{"start":{"line":88,"column":8},"end":{"line":95,"column":9}},"type":"if","locations":[{"start":{"line":88,"column":8},"end":{"line":95,"column":9}},{"start":{"line":88,"column":8},"end":{"line":95,"column":9}}],"line":88}},"s":{"0":1,"1":1,"2":1,"3":1,"4":4,"5":4,"6":4,"7":3,"8":3,"9":24,"10":12,"11":2,"12":12,"13":12,"14":1,"15":1,"16":3,"17":3,"18":3,"19":24,"20":12,"21":2,"22":12,"23":12,"24":1,"25":3,"26":3,"27":3,"28":24,"29":12,"30":2,"31":12,"32":12,"33":1,"34":3,"35":2,"36":2,"37":1,"38":1,"39":4,"40":2,"41":1},"f":{"0":4,"1":3,"2":24,"3":3,"4":24,"5":3,"6":24,"7":2,"8":4},"b":{"0":[12,12],"1":[2,10],"2":[12,0],"3":[1,11],"4":[12,12],"5":[2,10],"6":[12,0],"7":[1,11],"8":[12,12],"9":[2,10],"10":[12,0],"11":[1,11],"12":[1,1]},"inputSourceMap":{"version":3,"file":"/home/usuario/ull-esit-inf-dsi-22-23-prct06-generics-solid-Adrian-glz01/src/ejercicio-3/artistaClass.ts","sources":["/home/usuario/ull-esit-inf-dsi-22-23-prct06-generics-solid-Adrian-glz01/src/ejercicio-3/artistaClass.ts"],"names":[],"mappings":";;;AACA,6CAAqC;AACrC,+CAAuC;AAEvC,MAAa,OAAO;IACX,QAAQ,CAAS;IACjB,2BAA2B,CAAS;IACpC,WAAW,CAA8B;IAEhD;;;;;OAKG;IACH,YAAY,QAAgB,EAAE,2BAAmC,EAAE,WAAwC;QACzG,IAAI,CAAC,QAAQ,GAAG,QAAQ,CAAC;QACzB,IAAI,CAAC,2BAA2B,GAAG,2BAA2B,CAAC;QAC/D,IAAI,CAAC,WAAW,GAAG,WAAW,CAAC;IACjC,CAAC;IAED,8EAA8E;IACvE,2BAA2B,CAAC,QAAgB;QACjD,IAAI,QAAQ,GAAG,CAAC,CAAC;QACjB,IAAI,CAAC,WAAW,CAAC,SAAS,EAAE,CAAC,OAAO,CAAC,CAAC,IAAI,EAAE,EAAE;YAC5C,IAAI,IAAI,YAAY,kBAAK,EAAE;gBACzB,IAAI,IAAI,CAAC,IAAI,KAAK,QAAQ,EAAE;oBAC1B,QAAQ,GAAG,IAAI,CAAC,gBAAgB,EAAE,CAAC;iBACpC;aACF;iBAAM,IAAI,IAAI,YAAY,oBAAM,EAAE;gBACjC,IAAI,IAAI,CAAC,OAAO,EAAE,KAAK,QAAQ,EAAE;oBAC/B,OAAO,CAAC,GAAG,CAAC,OAAO,CAAC,CAAA;oBACpB,QAAQ,GAAG,CAAC,CAAC;iBACd;aACF;QACH,CAAC,CACA,CAAC;QACF,OAAO,QAAQ,CAAC;IAClB,CAAC;IAED;;;;OAIG;IACI,4BAA4B,CAAC,QAAgB;QAClD,IAAI,WAAW,GAAG,CAAC,CAAC;QACpB,IAAI,CAAC,WAAW,CAAC,SAAS,EAAE,CAAC,OAAO,CAAC,CAAC,IAAI,EAAE,EAAE;YAC5C,IAAI,IAAI,YAAY,kBAAK,EAAE;gBACzB,IAAI,IAAI,CAAC,IAAI,KAAK,QAAQ,EAAE;oBAC1B,WAAW,GAAG,IAAI,CAAC,oBAAoB,EAAE,CAAC;iBAC3C;aACF;iBAAM,IAAI,IAAI,YAAY,oBAAM,EAAE;gBACjC,IAAI,IAAI,CAAC,OAAO,EAAE,KAAK,QAAQ,EAAE;oBAC/B,WAAW,GAAG,IAAI,CAAC,eAAe,EAAE,CAAC;iBACtC;aACF;QACH,CAAC,CAAC,CAAC;QACH,OAAO,WAAW,CAAC;IACrB,CAAC;IAED;;;;OAIG;IACI,oBAAoB,CAAC,QAAgB;QAC1C,IAAI,iBAAiB,GAAG,CAAC,CAAC;QAC1B,IAAI,CAAC,WAAW,CAAC,SAAS,EAAE,CAAC,OAAO,CAAC,CAAC,IAAI,EAAE,EAAE;YAC5C,IAAI,IAAI,YAAY,kBAAK,EAAE;gBACzB,IAAI,IAAI,CAAC,IAAI,KAAK,QAAQ,EAAE;oBAC1B,iBAAiB,GAAG,IAAI,CAAC,qBAAqB,EAAE,CAAC;iBAClD;aACF;iBAAM,IAAI,IAAI,YAAY,oBAAM,EAAE;gBACjC,IAAI,IAAI,CAAC,OAAO,EAAE,KAAK,QAAQ,EAAE;oBAC/B,iBAAiB,GAAG,IAAI,CAAC,qBAAqB,EAAE,CAAC;iBAClD;aACF;QACH,CAAC,CAAC,CAAC;QACH,OAAO,iBAAiB,CAAC;IAC3B,CAAC;IAED;;;;OAIG;IACI,iBAAiB,CAAC,OAAyB;QAChD,IAAI,IAAI,GAAG,EAAE,CAAC;QACd,IAAI,OAAO,YAAY,oBAAM,EAAE;YAC7B,IAAI,GAAG,OAAO,CAAC,OAAO,EAAE,CAAC;SAC1B;aAAM;YACL,OAAO,CAAC,OAAO,CAAC,CAAC,IAAI,EAAE,EAAE;gBACvB,IAAI,IAAI,IAAI,CAAC,IAAI,GAAG,GAAG,CAAC;YAC1B,CAAC,CAAC,CAAC;SACJ;QACD,OAAO,IAAI,CAAC;IACd,CAAC;CACF;AA9FD,0BA8FC","sourcesContent":["import { Discografia } from \"./discografiaClass\";\nimport { Disco } from \"./discoClass\";\nimport { Single } from \"./singleClass\";\n\nexport class Artista {\n  public nombreAr: string;\n  public numero_de_oyentes_mensuales: number;\n  public discografia: Discografia<Disco | Single>;\n\n  /**\n   * Constructor de la clase Artista\n   * @param nombreAr \n   * @param numero_de_oyentes_mensuales \n   * @param discografia \n   */\n  constructor(nombreAr: string, numero_de_oyentes_mensuales: number, discografia: Discografia<Disco | Single>) {\n    this.nombreAr = nombreAr;\n    this.numero_de_oyentes_mensuales = numero_de_oyentes_mensuales;\n    this.discografia = discografia;\n  }\n\n  // metodo para saber el numero de canciones que hay en un single o en un disco\n  public getNumOfSongsInSelectedDisk(diskName: string): number {\n    let numSongs = 0;\n    this.discografia.getDiscos().forEach((disk) => {\n      if (disk instanceof Disco) {\n        if (disk.name === diskName) {\n          numSongs = disk.getNumberOfSongs();\n        }\n      } else if (disk instanceof Single) {\n        if (disk.getName() === diskName) {\n          console.log(\"Entra\")\n          numSongs = 1;\n        }\n      }\n    }\n    );\n    return numSongs;\n  }\n\n  /**\n   * Metodo que devuelve la duración total de las canciones en un disco de la colección de discos del artista\n   * @param diskName \n   * @returns \n   */\n  public getTimeOfSongsInSelectedDisk(diskName: string): number {\n    let timeOfSongs = 0;\n    this.discografia.getDiscos().forEach((disk) => {\n      if (disk instanceof Disco) {\n        if (disk.name === diskName) {\n          timeOfSongs = disk.getTimeOfSongsInDisk();\n        }\n      } else if (disk instanceof Single) {\n        if (disk.getName() === diskName) {\n          timeOfSongs = disk.getSongDuration();\n        }\n      }\n    });\n    return timeOfSongs;\n  }\n\n  /**\n   * Metodo para obtener el numero de reproducciones de un disco de la colección de discos del artista\n   * @param diskName \n   * @returns \n   */\n  public getDiskReproductions(diskName: string): number { \n    let diskReproductions = 0;\n    this.discografia.getDiscos().forEach((disk) => {\n      if (disk instanceof Disco) {\n        if (disk.name === diskName) {\n          diskReproductions = disk.getNumOfReproductions();\n        }\n      } else if (disk instanceof Single) {\n        if (disk.getName() === diskName) {\n          diskReproductions = disk.getNumOfReproductions();\n        }\n      }\n    });\n    return diskReproductions;\n  }\n\n  /**\n   * Metodo para obtener el nombre de las canciones de un disco\n   * @param diskArr \n   * @returns \n   */\n  public getElementOfDisks(diskArr: Disco[] | Single):string {\n    let list = \"\";\n    if (diskArr instanceof Single) {\n      list = diskArr.getName();\n    } else {\n      diskArr.forEach((song) => {\n        list += song.name + \" \";\n      });\n    }\n    return list;\n  }\n}"]},"_coverageSchema":"1a1c01bbd47fc00a2c39e90264f33305004495a9","hash":"4a769551f87e34112ce7c8059fbbbf323cd8e89b","contentHash":"5ad2b7c968640870c83e629ea1a21ba001d97095233a97f1214f3a6460c0031c"},"/home/usuario/ull-esit-inf-dsi-22-23-prct06-generics-solid-Adrian-glz01/src/ejercicio-3/bibliotecaMusicalClass.ts":{"path":"/home/usuario/ull-esit-inf-dsi-22-23-prct06-generics-solid-Adrian-glz01/src/ejercicio-3/bibliotecaMusicalClass.ts","statementMap":{"0":{"start":{"line":2,"column":0},"end":{"line":2,"column":62}},"1":{"start":{"line":3,"column":0},"end":{"line":3,"column":35}},"2":{"start":{"line":4,"column":21},"end":{"line":4,"column":44}},"3":{"start":{"line":5,"column":23},"end":{"line":5,"column":48}},"4":{"start":{"line":6,"column":22},"end":{"line":6,"column":46}},"5":{"start":{"line":14,"column":8},"end":{"line":14,"column":33}},"6":{"start":{"line":28,"column":8},"end":{"line":28,"column":33}},"7":{"start":{"line":29,"column":27},"end":{"line":29,"column":29}},"8":{"start":{"line":30,"column":8},"end":{"line":32,"column":11}},"9":{"start":{"line":31,"column":12},"end":{"line":31,"column":46}},"10":{"start":{"line":33,"column":8},"end":{"line":33,"column":26}},"11":{"start":{"line":42,"column":25},"end":{"line":42,"column":26}},"12":{"start":{"line":43,"column":8},"end":{"line":47,"column":11}},"13":{"start":{"line":44,"column":12},"end":{"line":46,"column":13}},"14":{"start":{"line":45,"column":16},"end":{"line":45,"column":71}},"15":{"start":{"line":48,"column":8},"end":{"line":48,"column":26}},"16":{"start":{"line":57,"column":24},"end":{"line":57,"column":25}},"17":{"start":{"line":58,"column":8},"end":{"line":62,"column":11}},"18":{"start":{"line":59,"column":12},"end":{"line":61,"column":13}},"19":{"start":{"line":60,"column":16},"end":{"line":60,"column":71}},"20":{"start":{"line":63,"column":8},"end":{"line":63,"column":25}},"21":{"start":{"line":72,"column":33},"end":{"line":72,"column":34}},"22":{"start":{"line":73,"column":8},"end":{"line":77,"column":11}},"23":{"start":{"line":74,"column":12},"end":{"line":76,"column":13}},"24":{"start":{"line":75,"column":16},"end":{"line":75,"column":72}},"25":{"start":{"line":78,"column":8},"end":{"line":78,"column":34}},"26":{"start":{"line":85,"column":8},"end":{"line":85,"column":29}},"27":{"start":{"line":93,"column":31},"end":{"line":93,"column":33}},"28":{"start":{"line":94,"column":8},"end":{"line":101,"column":11}},"29":{"start":{"line":95,"column":12},"end":{"line":100,"column":13}},"30":{"start":{"line":96,"column":16},"end":{"line":96,"column":66}},"31":{"start":{"line":97,"column":16},"end":{"line":97,"column":90}},"32":{"start":{"line":98,"column":16},"end":{"line":98,"column":54}},"33":{"start":{"line":99,"column":16},"end":{"line":99,"column":68}},"34":{"start":{"line":102,"column":8},"end":{"line":102,"column":30}},"35":{"start":{"line":111,"column":20},"end":{"line":111,"column":22}},"36":{"start":{"line":112,"column":8},"end":{"line":125,"column":11}},"37":{"start":{"line":113,"column":12},"end":{"line":124,"column":15}},"38":{"start":{"line":114,"column":16},"end":{"line":123,"column":17}},"39":{"start":{"line":115,"column":20},"end":{"line":117,"column":21}},"40":{"start":{"line":116,"column":24},"end":{"line":116,"column":43}},"41":{"start":{"line":119,"column":21},"end":{"line":123,"column":17}},"42":{"start":{"line":120,"column":20},"end":{"line":122,"column":21}},"43":{"start":{"line":121,"column":24},"end":{"line":121,"column":48}},"44":{"start":{"line":126,"column":8},"end":{"line":126,"column":21}},"45":{"start":{"line":133,"column":19},"end":{"line":133,"column":65}},"46":{"start":{"line":134,"column":8},"end":{"line":144,"column":11}},"47":{"start":{"line":135,"column":12},"end":{"line":143,"column":15}},"48":{"start":{"line":136,"column":16},"end":{"line":142,"column":17}},"49":{"start":{"line":137,"column":20},"end":{"line":141,"column":23}},"50":{"start":{"line":138,"column":24},"end":{"line":140,"column":25}},"51":{"start":{"line":139,"column":28},"end":{"line":139,"column":43}},"52":{"start":{"line":154,"column":8},"end":{"line":154,"column":42}},"53":{"start":{"line":155,"column":19},"end":{"line":155,"column":21}},"54":{"start":{"line":156,"column":8},"end":{"line":166,"column":11}},"55":{"start":{"line":157,"column":12},"end":{"line":165,"column":15}},"56":{"start":{"line":158,"column":16},"end":{"line":164,"column":17}},"57":{"start":{"line":159,"column":20},"end":{"line":163,"column":23}},"58":{"start":{"line":160,"column":24},"end":{"line":162,"column":25}},"59":{"start":{"line":161,"column":28},"end":{"line":161,"column":52}},"60":{"start":{"line":167,"column":8},"end":{"line":167,"column":20}},"61":{"start":{"line":170,"column":0},"end":{"line":170,"column":46}}},"fnMap":{"0":{"name":"(anonymous_0)","decl":{"start":{"line":13,"column":4},"end":{"line":13,"column":5}},"loc":{"start":{"line":13,"column":26},"end":{"line":15,"column":5}},"line":13},"1":{"name":"(anonymous_1)","decl":{"start":{"line":19,"column":4},"end":{"line":19,"column":5}},"loc":{"start":{"line":19,"column":24},"end":{"line":22,"column":5}},"line":19},"2":{"name":"(anonymous_2)","decl":{"start":{"line":27,"column":4},"end":{"line":27,"column":5}},"loc":{"start":{"line":27,"column":20},"end":{"line":34,"column":5}},"line":27},"3":{"name":"(anonymous_3)","decl":{"start":{"line":30,"column":30},"end":{"line":30,"column":31}},"loc":{"start":{"line":30,"column":43},"end":{"line":32,"column":9}},"line":30},"4":{"name":"(anonymous_4)","decl":{"start":{"line":41,"column":4},"end":{"line":41,"column":5}},"loc":{"start":{"line":41,"column":61},"end":{"line":49,"column":5}},"line":41},"5":{"name":"(anonymous_5)","decl":{"start":{"line":43,"column":30},"end":{"line":43,"column":31}},"loc":{"start":{"line":43,"column":42},"end":{"line":47,"column":9}},"line":43},"6":{"name":"(anonymous_6)","decl":{"start":{"line":56,"column":4},"end":{"line":56,"column":5}},"loc":{"start":{"line":56,"column":69},"end":{"line":64,"column":5}},"line":56},"7":{"name":"(anonymous_7)","decl":{"start":{"line":58,"column":30},"end":{"line":58,"column":31}},"loc":{"start":{"line":58,"column":42},"end":{"line":62,"column":9}},"line":58},"8":{"name":"(anonymous_8)","decl":{"start":{"line":71,"column":4},"end":{"line":71,"column":5}},"loc":{"start":{"line":71,"column":54},"end":{"line":79,"column":5}},"line":71},"9":{"name":"(anonymous_9)","decl":{"start":{"line":73,"column":30},"end":{"line":73,"column":31}},"loc":{"start":{"line":73,"column":42},"end":{"line":77,"column":9}},"line":73},"10":{"name":"(anonymous_10)","decl":{"start":{"line":84,"column":4},"end":{"line":84,"column":5}},"loc":{"start":{"line":84,"column":18},"end":{"line":86,"column":5}},"line":84},"11":{"name":"(anonymous_11)","decl":{"start":{"line":92,"column":4},"end":{"line":92,"column":5}},"loc":{"start":{"line":92,"column":27},"end":{"line":103,"column":5}},"line":92},"12":{"name":"(anonymous_12)","decl":{"start":{"line":94,"column":30},"end":{"line":94,"column":31}},"loc":{"start":{"line":94,"column":43},"end":{"line":101,"column":9}},"line":94},"13":{"name":"(anonymous_13)","decl":{"start":{"line":109,"column":4},"end":{"line":109,"column":5}},"loc":{"start":{"line":109,"column":26},"end":{"line":127,"column":5}},"line":109},"14":{"name":"(anonymous_14)","decl":{"start":{"line":112,"column":30},"end":{"line":112,"column":31}},"loc":{"start":{"line":112,"column":43},"end":{"line":125,"column":9}},"line":112},"15":{"name":"(anonymous_15)","decl":{"start":{"line":113,"column":52},"end":{"line":113,"column":53}},"loc":{"start":{"line":113,"column":63},"end":{"line":124,"column":13}},"line":113},"16":{"name":"(anonymous_16)","decl":{"start":{"line":132,"column":4},"end":{"line":132,"column":5}},"loc":{"start":{"line":132,"column":33},"end":{"line":147,"column":5}},"line":132},"17":{"name":"(anonymous_17)","decl":{"start":{"line":134,"column":30},"end":{"line":134,"column":31}},"loc":{"start":{"line":134,"column":43},"end":{"line":144,"column":9}},"line":134},"18":{"name":"(anonymous_18)","decl":{"start":{"line":135,"column":52},"end":{"line":135,"column":53}},"loc":{"start":{"line":135,"column":63},"end":{"line":143,"column":13}},"line":135},"19":{"name":"(anonymous_19)","decl":{"start":{"line":137,"column":45},"end":{"line":137,"column":46}},"loc":{"start":{"line":137,"column":58},"end":{"line":141,"column":21}},"line":137},"20":{"name":"(anonymous_20)","decl":{"start":{"line":153,"column":4},"end":{"line":153,"column":5}},"loc":{"start":{"line":153,"column":28},"end":{"line":168,"column":5}},"line":153},"21":{"name":"(anonymous_21)","decl":{"start":{"line":156,"column":30},"end":{"line":156,"column":31}},"loc":{"start":{"line":156,"column":43},"end":{"line":166,"column":9}},"line":156},"22":{"name":"(anonymous_22)","decl":{"start":{"line":157,"column":52},"end":{"line":157,"column":53}},"loc":{"start":{"line":157,"column":63},"end":{"line":165,"column":13}},"line":157},"23":{"name":"(anonymous_23)","decl":{"start":{"line":159,"column":45},"end":{"line":159,"column":46}},"loc":{"start":{"line":159,"column":58},"end":{"line":163,"column":21}},"line":159}},"branchMap":{"0":{"loc":{"start":{"line":44,"column":12},"end":{"line":46,"column":13}},"type":"if","locations":[{"start":{"line":44,"column":12},"end":{"line":46,"column":13}},{"start":{"line":44,"column":12},"end":{"line":46,"column":13}}],"line":44},"1":{"loc":{"start":{"line":59,"column":12},"end":{"line":61,"column":13}},"type":"if","locations":[{"start":{"line":59,"column":12},"end":{"line":61,"column":13}},{"start":{"line":59,"column":12},"end":{"line":61,"column":13}}],"line":59},"2":{"loc":{"start":{"line":74,"column":12},"end":{"line":76,"column":13}},"type":"if","locations":[{"start":{"line":74,"column":12},"end":{"line":76,"column":13}},{"start":{"line":74,"column":12},"end":{"line":76,"column":13}}],"line":74},"3":{"loc":{"start":{"line":95,"column":12},"end":{"line":100,"column":13}},"type":"if","locations":[{"start":{"line":95,"column":12},"end":{"line":100,"column":13}},{"start":{"line":95,"column":12},"end":{"line":100,"column":13}}],"line":95},"4":{"loc":{"start":{"line":114,"column":16},"end":{"line":123,"column":17}},"type":"if","locations":[{"start":{"line":114,"column":16},"end":{"line":123,"column":17}},{"start":{"line":114,"column":16},"end":{"line":123,"column":17}}],"line":114},"5":{"loc":{"start":{"line":115,"column":20},"end":{"line":117,"column":21}},"type":"if","locations":[{"start":{"line":115,"column":20},"end":{"line":117,"column":21}},{"start":{"line":115,"column":20},"end":{"line":117,"column":21}}],"line":115},"6":{"loc":{"start":{"line":119,"column":21},"end":{"line":123,"column":17}},"type":"if","locations":[{"start":{"line":119,"column":21},"end":{"line":123,"column":17}},{"start":{"line":119,"column":21},"end":{"line":123,"column":17}}],"line":119},"7":{"loc":{"start":{"line":120,"column":20},"end":{"line":122,"column":21}},"type":"if","locations":[{"start":{"line":120,"column":20},"end":{"line":122,"column":21}},{"start":{"line":120,"column":20},"end":{"line":122,"column":21}}],"line":120},"8":{"loc":{"start":{"line":136,"column":16},"end":{"line":142,"column":17}},"type":"if","locations":[{"start":{"line":136,"column":16},"end":{"line":142,"column":17}},{"start":{"line":136,"column":16},"end":{"line":142,"column":17}}],"line":136},"9":{"loc":{"start":{"line":138,"column":24},"end":{"line":140,"column":25}},"type":"if","locations":[{"start":{"line":138,"column":24},"end":{"line":140,"column":25}},{"start":{"line":138,"column":24},"end":{"line":140,"column":25}}],"line":138},"10":{"loc":{"start":{"line":158,"column":16},"end":{"line":164,"column":17}},"type":"if","locations":[{"start":{"line":158,"column":16},"end":{"line":164,"column":17}},{"start":{"line":158,"column":16},"end":{"line":164,"column":17}}],"line":158},"11":{"loc":{"start":{"line":160,"column":24},"end":{"line":162,"column":25}},"type":"if","locations":[{"start":{"line":160,"column":24},"end":{"line":162,"column":25}},{"start":{"line":160,"column":24},"end":{"line":162,"column":25}}],"line":160}},"s":{"0":1,"1":1,"2":1,"3":1,"4":1,"5":1,"6":1,"7":1,"8":1,"9":2,"10":1,"11":1,"12":1,"13":2,"14":1,"15":1,"16":1,"17":1,"18":2,"19":1,"20":1,"21":1,"22":1,"23":2,"24":1,"25":1,"26":1,"27":1,"28":1,"29":2,"30":1,"31":1,"32":1,"33":1,"34":1,"35":2,"36":2,"37":4,"38":24,"39":16,"40":2,"41":8,"42":8,"43":1,"44":2,"45":2,"46":2,"47":4,"48":24,"49":16,"50":216,"51":12,"52":2,"53":2,"54":2,"55":4,"56":24,"57":16,"58":216,"59":12,"60":2,"61":1},"f":{"0":1,"1":1,"2":1,"3":2,"4":1,"5":2,"6":1,"7":2,"8":1,"9":2,"10":1,"11":1,"12":2,"13":2,"14":4,"15":24,"16":2,"17":4,"18":24,"19":216,"20":2,"21":4,"22":24,"23":216},"b":{"0":[1,1],"1":[1,1],"2":[1,1],"3":[1,1],"4":[16,8],"5":[2,14],"6":[8,0],"7":[1,7],"8":[16,8],"9":[12,204],"10":[16,8],"11":[12,204]},"inputSourceMap":{"version":3,"file":"/home/usuario/ull-esit-inf-dsi-22-23-prct06-generics-solid-Adrian-glz01/src/ejercicio-3/bibliotecaMusicalClass.ts","sources":["/home/usuario/ull-esit-inf-dsi-22-23-prct06-generics-solid-Adrian-glz01/src/ejercicio-3/bibliotecaMusicalClass.ts"],"names":[],"mappings":";;;AACA,6CAAqC;AACrC,iDAAyC;AACzC,+CAAuC;AAEvC,MAAa,iBAAiB;IACrB,QAAQ,CAAY;IAE3B;;;OAGG;IACH,YAAY,QAAmB;QAC7B,IAAI,CAAC,QAAQ,GAAG,QAAQ,CAAC;IAC3B,CAAC;IAED;;OAEG;IACI,iBAAiB;QACtB,uBAAuB;QACvB,gCAAgC;IAClC,CAAC;IAED;;;OAGG;IACI,aAAa;QAClB,IAAI,CAAC,iBAAiB,EAAE,CAAC;QACzB,MAAM,UAAU,GAAa,EAAE,CAAC;QAChC,IAAI,CAAC,QAAQ,CAAC,OAAO,CAAC,CAAC,OAAO,EAAE,EAAE;YAChC,UAAU,CAAC,IAAI,CAAC,OAAO,CAAC,QAAQ,CAAC,CAAC;QACpC,CAAC,CAAC,CAAC;QACH,OAAO,UAAU,CAAC;IACpB,CAAC;IAED;;;;;OAKG;IACI,yCAAyC,CAAC,MAAc,EAAE,KAAa;QAC5E,IAAI,UAAU,GAAG,CAAC,CAAC;QACnB,IAAI,CAAC,QAAQ,CAAC,OAAO,CAAC,CAAC,MAAM,EAAE,EAAE;YAC/B,IAAI,MAAM,CAAC,QAAQ,KAAK,MAAM,EAAE;gBAC9B,UAAU,GAAG,MAAM,CAAC,2BAA2B,CAAC,KAAK,CAAC,CAAC;aACxD;QACH,CAAC,CAAC,CAAC;QACH,OAAO,UAAU,CAAC;IACpB,CAAC;IAED;;;;;OAKG;IACI,iDAAiD,CAAC,MAAc,EAAE,KAAa;QACpF,IAAI,SAAS,GAAG,CAAC,CAAC;QAClB,IAAI,CAAC,QAAQ,CAAC,OAAO,CAAC,CAAC,MAAM,EAAE,EAAE;YAC/B,IAAI,MAAM,CAAC,QAAQ,KAAK,MAAM,EAAE;gBAC9B,SAAS,GAAG,MAAM,CAAC,4BAA4B,CAAC,KAAK,CAAC,CAAC;aACxD;QACH,CAAC,CAAC,CAAC;QACH,OAAO,SAAS,CAAC;IACnB,CAAC;IAED;;;;;OAKG;IACI,kCAAkC,CAAC,MAAc,EAAE,KAAa;QACrE,IAAI,kBAAkB,GAAG,CAAC,CAAC;QAC3B,IAAI,CAAC,QAAQ,CAAC,OAAO,CAAC,CAAC,MAAM,EAAE,EAAE;YAC/B,IAAI,MAAM,CAAC,QAAQ,KAAK,MAAM,EAAE;gBAC9B,kBAAkB,GAAG,MAAM,CAAC,oBAAoB,CAAC,KAAK,CAAC,CAAC;aACzD;QACH,CAAC,CAAC,CAAC;QACH,OAAO,kBAAkB,CAAC;IAC5B,CAAC;IAED;;;OAGG;IACI,WAAW;QAChB,OAAO,IAAI,CAAC,QAAQ,CAAC;IACvB,CAAC;IAED;;;;OAIG;IACI,gBAAgB,CAAC,IAAY;QAClC,MAAM,cAAc,GAAa,EAAE,CAAC;QACpC,IAAI,CAAC,QAAQ,CAAC,OAAO,CAAC,CAAC,OAAO,EAAE,EAAE;YAChC,IAAI,OAAO,CAAC,QAAQ,KAAK,IAAI,EAAE;gBAC7B,cAAc,CAAC,IAAI,CAAC,SAAS,GAAG,OAAO,CAAC,QAAQ,CAAC,CAAC;gBAClD,cAAc,CAAC,IAAI,CAAC,cAAc,GAAG,OAAO,CAAC,2BAA2B,CAAC,CAAC;gBAC1E,cAAc,CAAC,IAAI,CAAC,gBAAgB,CAAC,CAAC;gBACtC,cAAc,CAAC,IAAI,CAAC,OAAO,CAAC,WAAW,CAAC,QAAQ,EAAE,CAAC,CAAC,CAAC,2BAA2B;aACjF;QACH,CAAC,CAAC,CAAC;QACH,OAAO,cAAc,CAAC;IACxB,CAAC;IAED;;;;OAIG;IACI,eAAe,CAAC,IAAY;QACjC,2BAA2B;QAC3B,IAAI,KAAK,GAAG,EAAE,CAAC;QACf,IAAI,CAAC,QAAQ,CAAC,OAAO,CAAC,CAAC,OAAO,EAAE,EAAE;YAChC,OAAO,CAAC,WAAW,CAAC,SAAS,EAAE,CAAC,OAAO,CAAC,CAAC,KAAK,EAAE,EAAE;gBAChD,IAAI,KAAK,YAAY,kBAAK,EAAE;oBAC1B,IAAI,KAAK,CAAC,IAAI,KAAK,IAAI,EAAE;wBACvB,KAAK,GAAG,KAAK,CAAC,IAAI,CAAC;qBACpB;iBACF;qBAAM,IAAI,KAAK,YAAY,oBAAM,EAAE;oBAClC,IAAI,KAAK,CAAC,OAAO,EAAE,KAAK,IAAI,EAAE;wBAC5B,KAAK,GAAG,KAAK,CAAC,OAAO,EAAE,CAAC;qBACzB;iBACF;YACH,CAAC,CAAC,CAAC;QACL,CAAC,CAAC,CAAC;QACH,OAAO,KAAK,CAAC;IACf,CAAC;IAED;;;OAGG;IACI,qBAAqB,CAAC,KAAa;QACxC,IAAI,IAAI,GAAY,IAAI,sBAAO,CAAC,EAAE,EAAE,CAAC,EAAC,EAAE,EAAC,IAAI,EAAE,CAAC,CAAC,CAAC;QAClD,IAAI,CAAC,QAAQ,CAAC,OAAO,CAAC,CAAC,OAAO,EAAE,EAAE;YAChC,OAAO,CAAC,WAAW,CAAC,SAAS,EAAE,CAAC,OAAO,CAAC,CAAC,KAAK,EAAE,EAAE;gBAChD,IAAI,KAAK,YAAY,kBAAK,EAAE;oBAC1B,KAAK,CAAC,QAAQ,EAAE,CAAC,OAAO,CAAC,CAAC,OAAO,EAAE,EAAE;wBACnC,IAAI,OAAO,CAAC,QAAQ,EAAE,KAAK,KAAK,EAAE;4BAChC,IAAI,GAAG,OAAO,CAAC;yBAChB;oBACH,CAAC,CAAC,CAAC;iBACJ;YACH,CAAC,CAAC,CAAC;QACL,CAAC,CAAC,CAAC;QACH,uBAAuB;QACvB,uBAAuB;IACzB,CAAC;IAED;;;;OAIG;IACI,gBAAgB,CAAC,KAAa;QACnC,IAAI,CAAC,qBAAqB,CAAC,KAAK,CAAC,CAAC;QAClC,IAAI,IAAI,GAAG,EAAE,CAAC;QACd,IAAI,CAAC,QAAQ,CAAC,OAAO,CAAC,CAAC,OAAO,EAAE,EAAE;YAChC,OAAO,CAAC,WAAW,CAAC,SAAS,EAAE,CAAC,OAAO,CAAC,CAAC,KAAK,EAAE,EAAE;gBAChD,IAAI,KAAK,YAAY,kBAAK,EAAE;oBAC1B,KAAK,CAAC,QAAQ,EAAE,CAAC,OAAO,CAAC,CAAC,OAAO,EAAE,EAAE;wBACnC,IAAI,OAAO,CAAC,QAAQ,EAAE,KAAK,KAAK,EAAE;4BAChC,IAAI,GAAG,OAAO,CAAC,QAAQ,CAAC;yBACzB;oBACH,CAAC,CAAC,CAAC;iBACJ;YACH,CAAC,CAAC,CAAC;QACL,CAAC,CAAC,CAAC;QACH,OAAO,IAAI,CAAC;IACd,CAAC;CACF;AA5KD,8CA4KC","sourcesContent":["import { Artista } from \"./artistaClass\";\nimport { Disco } from \"./discoClass\";\nimport { Cancion } from \"./cancionClass\";\nimport { Single } from \"./singleClass\";\n\nexport class BibliotecaMusical{\n  public artistas: Artista[];\n\n  /**\n   * Constructor de la clase BibliotecaMusical\n   * @param artistas \n   */\n  constructor(artistas: Artista[]){\n    this.artistas = artistas;\n  }\n\n  /**\n   * Metodo para mostrar la biblioteca en formato tabla\n   */\n  public mostrarBiblioteca(){\n    // comentado para tests\n    // console.table(this.artistas);\n  }\n\n  /**\n   * Metodo para obtener el nombre (ID) de los artisas de la biblioteca\n   * @returns \n   */\n  public getArtistasId(): string[]{\n    this.mostrarBiblioteca();\n    const artistasId: string[] = [];\n    this.artistas.forEach((artista) => {\n      artistasId.push(artista.nombreAr);\n    });\n    return artistasId;\n  }\n\n  /**\n   * Obtener el numero de canciones de un album especificando el artista y el album\n   * @param singer \n   * @param album \n   * @returns \n   */\n  public getSongsOfSpecificAlbumDoneBySpecificDisc(singer: string, album: string): number{\n    let numOfSongs = 0;\n    this.artistas.forEach((artist) => {\n      if (artist.nombreAr === singer) {\n        numOfSongs = artist.getNumOfSongsInSelectedDisk(album);\n      }\n    });\n    return numOfSongs;\n  }\n\n  /**\n   * Metodo para obtener el tiempo total de las canciones de un album especificando el artista y el album\n   * @param singer \n   * @param album \n   * @returns \n   */\n  public getTimeOfSongsOfSpecificAlbumDoneBySpecificSinger(singer: string, album: string): number{\n    let totalTime = 0;\n    this.artistas.forEach((artist) => {\n      if (artist.nombreAr === singer) {\n        totalTime = artist.getTimeOfSongsInSelectedDisk(album);\n      }\n    });\n    return totalTime;\n  }\n\n  /**\n   * Meotodo para obtener el numero de reproducciones de un album especificando el artista y el album\n   * @param singer \n   * @param album \n   * @returns \n   */\n  public getNumOfReproductionOfSpecificDisk(singer: string, album: string): number{\n    let numOfReproductions = 0;\n    this.artistas.forEach((artist) => {\n      if (artist.nombreAr === singer) {\n        numOfReproductions = artist.getDiskReproductions(album);\n      }\n    });\n    return numOfReproductions;\n  }\n\n  /**\n   * Metodo para obtener una array de artistas con todo el contenido de estos\n   * @returns \n   */\n  public getArtistas(): Artista[]{\n    return this.artistas;\n  }\n\n  /**\n   * Metodo para obtener un artista especificando su nombre\n   * @param name \n   * @returns \n   */\n  public findArtistByName(name: string): string[]{\n    const artistasStrArr: string[] = [];\n    this.artistas.forEach((artista) => {\n      if (artista.nombreAr === name) {\n        artistasStrArr.push(\"NAME_: \" + artista.nombreAr);\n        artistasStrArr.push(\"LISTENERS_: \" + artista.numero_de_oyentes_mensuales);\n        artistasStrArr.push(\"DISCOGRAPHY_: \");\n        artistasStrArr.push(artista.discografia.toString()); //! esto deberia cambiarlo \n      }\n    });\n    return artistasStrArr;\n  }\n\n  /**\n   * Metodo para obtener un album especificando su nombre\n   * @param name \n   * @returns \n   */\n  public findAlbumByName(name: string): string{\n    // let controlFlag = false;\n    let album = \"\";\n    this.artistas.forEach((artista) => {\n      artista.discografia.getDiscos().forEach((disco) => {\n        if (disco instanceof Disco) {\n          if (disco.name === name) {\n            album = disco.name;\n          }\n        } else if (disco instanceof Single) {\n          if (disco.getName() === name) {\n            album = disco.getName();\n          }\n        }\n      });\n    });\n    return album;\n  }\n\n  /**\n   * Metodo para imprimir en formato tabla el contenido de una canción especificando su nombre\n   * @param title \n   */\n  public findSongsByTitleTable(title: string): void{\n    let song: Cancion = new Cancion(\"\", 0,\"\",true, 0);\n    this.artistas.forEach((artista) => {\n      artista.discografia.getDiscos().forEach((disco) => {\n        if (disco instanceof Disco) {\n          disco.getSongs().forEach((cancion) => {\n            if (cancion.getTitle() === title) {\n              song = cancion;\n            }\n          });\n        }\n      });\n    });\n    // comentado para tests\n    // console.table(song);\n  }\n\n  /**\n   * Metodo para buscar una canción especificando su nombre\n   * @param title \n   * @returns \n   */\n  public findSongsByTitle(title: string): string{ \n    this.findSongsByTitleTable(title);\n    let song = \"\";\n    this.artistas.forEach((artista) => {\n      artista.discografia.getDiscos().forEach((disco) => {\n        if (disco instanceof Disco) {\n          disco.getSongs().forEach((cancion) => {\n            if (cancion.getTitle() === title) {\n              song = cancion.nombreCa;\n            }\n          });\n        } \n      });\n    });\n    return song;\n  }\n}"]},"_coverageSchema":"1a1c01bbd47fc00a2c39e90264f33305004495a9","hash":"78f0cd7dcf35851d547ee293cd5ba16d0e768366","contentHash":"c1c3f9bdc5a3c0a30fda2730f47c304583a988a1b4159b747acdf185f9eae4aa"},"/home/usuario/ull-esit-inf-dsi-22-23-prct06-generics-solid-Adrian-glz01/src/ejercicio-1/documentaryClass.ts":{"path":"/home/usuario/ull-esit-inf-dsi-22-23-prct06-generics-solid-Adrian-glz01/src/ejercicio-1/documentaryClass.ts","statementMap":{"0":{"start":{"line":2,"column":0},"end":{"line":2,"column":62}},"1":{"start":{"line":3,"column":0},"end":{"line":3,"column":29}},"2":{"start":{"line":17,"column":8},"end":{"line":17,"column":28}},"3":{"start":{"line":18,"column":8},"end":{"line":18,"column":26}},"4":{"start":{"line":19,"column":8},"end":{"line":19,"column":30}},"5":{"start":{"line":20,"column":8},"end":{"line":20,"column":34}},"6":{"start":{"line":27,"column":8},"end":{"line":27,"column":27}},"7":{"start":{"line":34,"column":8},"end":{"line":34,"column":26}},"8":{"start":{"line":41,"column":8},"end":{"line":41,"column":28}},"9":{"start":{"line":48,"column":8},"end":{"line":48,"column":30}},"10":{"start":{"line":51,"column":0},"end":{"line":51,"column":34}}},"fnMap":{"0":{"name":"(anonymous_0)","decl":{"start":{"line":16,"column":4},"end":{"line":16,"column":5}},"loc":{"start":{"line":16,"column":47},"end":{"line":21,"column":5}},"line":16},"1":{"name":"(anonymous_1)","decl":{"start":{"line":26,"column":4},"end":{"line":26,"column":5}},"loc":{"start":{"line":26,"column":15},"end":{"line":28,"column":5}},"line":26},"2":{"name":"(anonymous_2)","decl":{"start":{"line":33,"column":4},"end":{"line":33,"column":5}},"loc":{"start":{"line":33,"column":14},"end":{"line":35,"column":5}},"line":33},"3":{"name":"(anonymous_3)","decl":{"start":{"line":40,"column":4},"end":{"line":40,"column":5}},"loc":{"start":{"line":40,"column":16},"end":{"line":42,"column":5}},"line":40},"4":{"name":"(anonymous_4)","decl":{"start":{"line":47,"column":4},"end":{"line":47,"column":5}},"loc":{"start":{"line":47,"column":18},"end":{"line":49,"column":5}},"line":47}},"branchMap":{},"s":{"0":1,"1":1,"2":8,"3":8,"4":8,"5":8,"6":25,"7":8,"8":8,"9":2,"10":1},"f":{"0":8,"1":25,"2":8,"3":8,"4":2},"b":{},"inputSourceMap":{"version":3,"file":"/home/usuario/ull-esit-inf-dsi-22-23-prct06-generics-solid-Adrian-glz01/src/ejercicio-1/documentaryClass.ts","sources":["/home/usuario/ull-esit-inf-dsi-22-23-prct06-generics-solid-Adrian-glz01/src/ejercicio-1/documentaryClass.ts"],"names":[],"mappings":";;;AAAA,MAAa,WAAW;IACZ,MAAM,CAAS;IACf,KAAK,CAAS;IACd,OAAO,CAAS;IAChB,SAAS,CAAS;IAE1B;;;;;;OAMG;IACH,YAAa,KAAa,EAAE,IAAY,EAAE,MAAc,EAAE,QAAgB;QACtE,IAAI,CAAC,MAAM,GAAG,KAAK,CAAC;QACpB,IAAI,CAAC,KAAK,GAAG,IAAI,CAAC;QAClB,IAAI,CAAC,OAAO,GAAG,MAAM,CAAC;QACtB,IAAI,CAAC,SAAS,GAAG,QAAQ,CAAC;IAC9B,CAAC;IAED;;;OAGG;IACI,QAAQ;QACX,OAAO,IAAI,CAAC,MAAM,CAAC;IACvB,CAAC;IAED;;;OAGG;IACI,OAAO;QACV,OAAO,IAAI,CAAC,KAAK,CAAC;IACtB,CAAC;IAED;;;OAGG;IACI,SAAS;QACZ,OAAO,IAAI,CAAC,OAAO,CAAC;IACxB,CAAC;IAED;;;OAGG;IACI,WAAW;QACd,OAAO,IAAI,CAAC,SAAS,CAAC;IAC1B,CAAC;CACJ;AAnDD,kCAmDC","sourcesContent":["export class Documentary {\n    private _title: string;\n    private _year: number;\n    private _gender: string;\n    private _duration: number;\n\n    /**\n     * __Constrcutor de la clase Documentary__\n     * @param title -- Título del documental\n     * @param year -- Año de estreno del documental\n     * @param gender -- Género del documental\n     * @param duration -- Tiempo de duración del documental\n     */\n    constructor (title: string, year: number, gender: string, duration: number) {\n        this._title = title;\n        this._year = year;\n        this._gender = gender;\n        this._duration = duration;\n    }\n\n    /**\n     * Método para obtener el título del documental\n     * @returns -- Título del documental\n     */\n    public getTitle(): string {\n        return this._title;\n    }\n\n    /**\n     * Método para obtener el año de estreno del documental\n     * @returns -- Año de estreno del documental\n     */\n    public getYear(): number {\n        return this._year;\n    }\n\n    /**\n     * Método para obtener el género del documental\n     * @returns -- Género del documental\n     */\n    public getGender(): string {\n        return this._gender;\n    }\n\n    /**\n     * Método para obtener la duración del documental\n     * @returns -- Tiempo de duración del documental\n     */\n    public getDuration(): number {\n        return this._duration;\n    }\n}"]},"_coverageSchema":"1a1c01bbd47fc00a2c39e90264f33305004495a9","hash":"eca693412ea459166200efaaa33cfc0a44dec4c0","contentHash":"684f8174575d5b4b8c8530bd3bdd5922a3c415577ff2e4e6c3984ccb71ffa713"},"/home/usuario/ull-esit-inf-dsi-22-23-prct06-generics-solid-Adrian-glz01/src/ejercicio-1/documentaryCollectionClass.ts":{"path":"/home/usuario/ull-esit-inf-dsi-22-23-prct06-generics-solid-Adrian-glz01/src/ejercicio-1/documentaryCollectionClass.ts","statementMap":{"0":{"start":{"line":2,"column":0},"end":{"line":2,"column":62}},"1":{"start":{"line":3,"column":0},"end":{"line":3,"column":39}},"2":{"start":{"line":4,"column":42},"end":{"line":4,"column":86}},"3":{"start":{"line":11,"column":8},"end":{"line":11,"column":26}},"4":{"start":{"line":19,"column":8},"end":{"line":19,"column":71}},"5":{"start":{"line":19,"column":47},"end":{"line":19,"column":69}},"6":{"start":{"line":27,"column":20},"end":{"line":27,"column":25}},"7":{"start":{"line":28,"column":8},"end":{"line":32,"column":11}},"8":{"start":{"line":29,"column":12},"end":{"line":31,"column":13}},"9":{"start":{"line":30,"column":16},"end":{"line":30,"column":29}},"10":{"start":{"line":33,"column":8},"end":{"line":35,"column":9}},"11":{"start":{"line":34,"column":12},"end":{"line":34,"column":24}},"12":{"start":{"line":36,"column":8},"end":{"line":36,"column":21}},"13":{"start":{"line":44,"column":8},"end":{"line":44,"column":75}},"14":{"start":{"line":44,"column":47},"end":{"line":44,"column":73}},"15":{"start":{"line":51,"column":8},"end":{"line":51,"column":31}},"16":{"start":{"line":60,"column":19},"end":{"line":60,"column":20}},"17":{"start":{"line":61,"column":8},"end":{"line":65,"column":11}},"18":{"start":{"line":62,"column":12},"end":{"line":64,"column":13}},"19":{"start":{"line":63,"column":16},"end":{"line":63,"column":41}},"20":{"start":{"line":66,"column":8},"end":{"line":66,"column":20}},"21":{"start":{"line":69,"column":0},"end":{"line":69,"column":54}}},"fnMap":{"0":{"name":"(anonymous_0)","decl":{"start":{"line":10,"column":4},"end":{"line":10,"column":5}},"loc":{"start":{"line":10,"column":28},"end":{"line":12,"column":5}},"line":10},"1":{"name":"(anonymous_1)","decl":{"start":{"line":18,"column":4},"end":{"line":18,"column":5}},"loc":{"start":{"line":18,"column":21},"end":{"line":20,"column":5}},"line":18},"2":{"name":"(anonymous_2)","decl":{"start":{"line":19,"column":38},"end":{"line":19,"column":39}},"loc":{"start":{"line":19,"column":47},"end":{"line":19,"column":69}},"line":19},"3":{"name":"(anonymous_3)","decl":{"start":{"line":26,"column":4},"end":{"line":26,"column":5}},"loc":{"start":{"line":26,"column":23},"end":{"line":37,"column":5}},"line":26},"4":{"name":"(anonymous_4)","decl":{"start":{"line":28,"column":32},"end":{"line":28,"column":33}},"loc":{"start":{"line":28,"column":41},"end":{"line":32,"column":9}},"line":28},"5":{"name":"(anonymous_5)","decl":{"start":{"line":43,"column":4},"end":{"line":43,"column":5}},"loc":{"start":{"line":43,"column":25},"end":{"line":45,"column":5}},"line":43},"6":{"name":"(anonymous_6)","decl":{"start":{"line":44,"column":38},"end":{"line":44,"column":39}},"loc":{"start":{"line":44,"column":47},"end":{"line":44,"column":73}},"line":44},"7":{"name":"(anonymous_7)","decl":{"start":{"line":50,"column":4},"end":{"line":50,"column":5}},"loc":{"start":{"line":50,"column":20},"end":{"line":52,"column":5}},"line":50},"8":{"name":"(anonymous_8)","decl":{"start":{"line":59,"column":4},"end":{"line":59,"column":5}},"loc":{"start":{"line":59,"column":25},"end":{"line":67,"column":5}},"line":59},"9":{"name":"(anonymous_9)","decl":{"start":{"line":61,"column":32},"end":{"line":61,"column":33}},"loc":{"start":{"line":61,"column":41},"end":{"line":65,"column":9}},"line":61}},"branchMap":{"0":{"loc":{"start":{"line":29,"column":12},"end":{"line":31,"column":13}},"type":"if","locations":[{"start":{"line":29,"column":12},"end":{"line":31,"column":13}},{"start":{"line":29,"column":12},"end":{"line":31,"column":13}}],"line":29},"1":{"loc":{"start":{"line":33,"column":8},"end":{"line":35,"column":9}},"type":"if","locations":[{"start":{"line":33,"column":8},"end":{"line":35,"column":9}},{"start":{"line":33,"column":8},"end":{"line":35,"column":9}}],"line":33},"2":{"loc":{"start":{"line":62,"column":12},"end":{"line":64,"column":13}},"type":"if","locations":[{"start":{"line":62,"column":12},"end":{"line":64,"column":13}},{"start":{"line":62,"column":12},"end":{"line":64,"column":13}}],"line":62}},"s":{"0":1,"1":1,"2":1,"3":1,"4":1,"5":8,"6":2,"7":2,"8":16,"9":1,"10":2,"11":1,"12":1,"13":1,"14":8,"15":1,"16":1,"17":1,"18":9,"19":2,"20":1,"21":1},"f":{"0":1,"1":1,"2":8,"3":2,"4":16,"5":1,"6":8,"7":1,"8":1,"9":9},"b":{"0":[1,15],"1":[1,1],"2":[2,7]},"inputSourceMap":{"version":3,"file":"/home/usuario/ull-esit-inf-dsi-22-23-prct06-generics-solid-Adrian-glz01/src/ejercicio-1/documentaryCollectionClass.ts","sources":["/home/usuario/ull-esit-inf-dsi-22-23-prct06-generics-solid-Adrian-glz01/src/ejercicio-1/documentaryCollectionClass.ts"],"names":[],"mappings":";;;AAAA,uFAA8E;AAG9E,MAAa,qBAAsB,SAAQ,2DAAsC;IAE7E;;;OAGG;IACH,YAAa,UAAyB;QAClC,KAAK,CAAC,UAAU,CAAC,CAAC;IACtB,CAAC;IAED;;;;OAIG;IACH,UAAU,CAAC,IAAY;QACnB,OAAO,IAAI,CAAC,UAAU,CAAC,MAAM,CAAC,CAAC,GAAG,EAAE,EAAE,CAAC,GAAG,CAAC,OAAO,EAAE,KAAK,IAAI,CAAC,CAAC;IACnE,CAAC;IAED;;;;OAIG;IACH,WAAW,CAAC,KAAa;QACrB,IAAI,KAAK,GAAG,KAAK,CAAC;QAClB,IAAI,CAAC,UAAU,CAAC,OAAO,CAAC,CAAC,GAAG,EAAE,EAAE;YAC5B,IAAI,GAAG,CAAC,QAAQ,EAAE,KAAK,KAAK,EAAE;gBAC1B,KAAK,GAAG,IAAI,CAAC;aAChB;QACL,CAAC,CAAC,CAAC;QACH,IAAI,KAAK,EAAE;YACP,OAAO,IAAI,CAAC;SACf;QACD,OAAO,KAAK,CAAC;IACjB,CAAC;IAED;;;;OAIG;IACH,YAAY,CAAC,MAAc;QACvB,OAAO,IAAI,CAAC,UAAU,CAAC,MAAM,CAAC,CAAC,GAAG,EAAE,EAAE,CAAC,GAAG,CAAC,SAAS,EAAE,KAAK,MAAM,CAAC,CAAC;IACvE,CAAC;IAED;;;OAGG;IACI,aAAa;QAChB,OAAO,IAAI,CAAC,UAAU,CAAC;IAC3B,CAAC;IAED;;;;;OAKG;IACI,aAAa,CAAC,KAAa;QAC9B,IAAI,IAAI,GAAG,CAAC,CAAC;QACb,IAAI,CAAC,UAAU,CAAC,OAAO,CAAC,CAAC,GAAG,EAAE,EAAE;YAC5B,IAAI,GAAG,CAAC,QAAQ,EAAE,KAAK,KAAK,EAAE;gBAC1B,IAAI,GAAG,GAAG,CAAC,WAAW,EAAE,CAAC;aAC5B;QACL,CAAC,CAAC,CAAC;QACH,OAAO,IAAI,CAAC;IAChB,CAAC;CACJ;AArED,sDAqEC","sourcesContent":["import { BasicStreamableCollection } from \"./basicsStreamableCollectionClass\";\nimport { Documentary } from \"./documentaryClass\";\n\nexport class DocumentaryCollection extends BasicStreamableCollection<Documentary> {\n\n    /**\n     * __Constructor de la clase DocumentaryCollection__\n     * @param collection -- Colección de documentales\n     */\n    constructor (collection: Documentary[]) {\n        super(collection);\n    }\n\n    /**\n     * Implementación del método para buscar un elemento por su año de estreno\n     * @param year -- Año de estreno\n     * @returns -- Colección de documentales que coincidan con el año de estreno pasado por parámetro\n     */\n    findByYear(year: number): Documentary[] {\n        return this.collection.filter((doc) => doc.getYear() === year);\n    }\n\n    /**\n     * Método extendido de la clase BasicStreamableCollection para saber si un documental existe en nuestra colleción de documentales\n     * @param title -- Título del documental\n     * @returns -- Booleano que indica si el documental existe o no en nuestra colección\n     */\n    findByTitle(title: string): boolean {\n        let found = false;\n        this.collection.forEach((doc) => {\n            if (doc.getTitle() === title) {\n                found = true;\n            }\n        });\n        if (found) {\n            return true;\n        }\n        return false;\n    }\n\n    /**\n     * Método extendido de la clase BasicStreamableCollection para buscar un elemento por su género \n     * @param gender -- Género del documental\n     * @returns -- Colección de documentales que coincidan con el género pasado por parámetro\n     */\n    findByGender(gender: string): Documentary[] {\n        return this.collection.filter((doc) => doc.getGender() === gender);\n    }\n    \n    /**\n     * Método para obtener la colección de documentales\n     * @returns -- Colección de documentales\n     */\n    public getCollection(): Documentary[] {\n        return this.collection;\n    }\n\n    /**\n     * Pasado un título de un documental como parametro de la función, \n     * devuelve la duración del mismo buscando en la colección el documental con dicho título.\n     * @param title -- Título del documental\n     * @returns -- Duración del documental\n     */\n    public getTimeOfFilm(title: string): number {\n        let time = 0;\n        this.collection.forEach((doc) => {\n            if (doc.getTitle() === title) {\n                time = doc.getDuration();\n            }\n        });\n        return time;\n    }\n}"]},"_coverageSchema":"1a1c01bbd47fc00a2c39e90264f33305004495a9","hash":"23ad5542bc526aea969b3d2edd70451defb03bd1","contentHash":"3be404a6def9725b2343fc25cebe46b9fb0bb4d6689bcf016cb65732787d23b2"},"/home/usuario/ull-esit-inf-dsi-22-23-prct06-generics-solid-Adrian-glz01/src/ejercicio-1/basicsStreamableCollectionClass.ts":{"path":"/home/usuario/ull-esit-inf-dsi-22-23-prct06-generics-solid-Adrian-glz01/src/ejercicio-1/basicsStreamableCollectionClass.ts","statementMap":{"0":{"start":{"line":2,"column":0},"end":{"line":2,"column":62}},"1":{"start":{"line":3,"column":0},"end":{"line":3,"column":43}},"2":{"start":{"line":11,"column":8},"end":{"line":11,"column":37}},"3":{"start":{"line":18,"column":8},"end":{"line":18,"column":38}},"4":{"start":{"line":25,"column":8},"end":{"line":25,
[...]
educe(acumulator: T, funct: (acumulator: T, item: T) => T): T {\n    for (const item of this.lista) {\n      acumulator = funct(acumulator, item);\n    }\n    return acumulator;\n  }\n\n  /**\n   * Metodo que le da la vuelta a la lista\n   * @returns \n   */\n  public reverse(): Lista<T> {\n    const listaReversa = new Lista<T>();\n    for (let i = this.length() - 1; i >= 0; i--) {\n      listaReversa.PUSH_ITEM(this.lista[i]);\n    }\n    return listaReversa;\n  }\n\n  /**\n   * Metodo que replica el funcionamiento de forEach de array.prototype\n   * Dado una lista (la de nuestra clase) y una funcion, itera sobre los elementos de la lista\n   * e invoca la funcion pasada como argumento para cada uno de ellos \n   * @param function_ --> funcion que se va a ejecutar en cada elemento de la lista\n   */\n  public forEach(function_: (item: T) => void) {\n    for (const item of this.lista) {\n      function_(item);\n    }\n  }\n  \n}"]},"_coverageSchema":"1a1c01bbd47fc00a2c39e90264f33305004495a9","hash":"844390e1bc0130750b914de7c78af9e796a6f605","contentHash":"25dcd7cfca434e8afd23ca39d54991106cdf67ec781b37b645bfcb56dc791808"},"/home/usuario/ull-esit-inf-dsi-22-23-prct06-generics-solid-Adrian-glz01/src/ejercicio-pe102/rationalClass.ts":{"path":"/home/usuario/ull-esit-inf-dsi-22-23-prct06-generics-solid-Adrian-glz01/src/ejercicio-pe102/rationalClass.ts","statementMap":{"0":{"start":{"line":2,"column":0},"end":{"line":2,"column":62}},"1":{"start":{"line":3,"column":0},"end":{"line":3,"column":26}},"2":{"start":{"line":13,"column":8},"end":{"line":13,"column":36}},"3":{"start":{"line":14,"column":8},"end":{"line":14,"column":40}},"4":{"start":{"line":21,"column":8},"end":{"line":21,"column":31}},"5":{"start":{"line":28,"column":8},"end":{"line":28,"column":33}},"6":{"start":{"line":36,"column":8},"end":{"line":36,"column":166}},"7":{"start":{"line":44,"column":8},"end":{"line":44,"column":166}},"8":{"start":{"line":52,"column":8},"end":{"line":52,"column":118}},"9":{"start":{"line":60,"column":8},"end":{"line":60,"column":118}},"10":{"start":{"line":63,"column":0},"end":{"line":63,"column":28}}},"fnMap":{"0":{"name":"(anonymous_0)","decl":{"start":{"line":12,"column":4},"end":{"line":12,"column":5}},"loc":{"start":{"line":12,"column":40},"end":{"line":15,"column":5}},"line":12},"1":{"name":"(anonymous_1)","decl":{"start":{"line":20,"column":4},"end":{"line":20,"column":5}},"loc":{"start":{"line":20,"column":19},"end":{"line":22,"column":5}},"line":20},"2":{"name":"(anonymous_2)","decl":{"start":{"line":27,"column":4},"end":{"line":27,"column":5}},"loc":{"start":{"line":27,"column":21},"end":{"line":29,"column":5}},"line":27},"3":{"name":"(anonymous_3)","decl":{"start":{"line":35,"column":4},"end":{"line":35,"column":5}},"loc":{"start":{"line":35,"column":18},"end":{"line":37,"column":5}},"line":35},"4":{"name":"(anonymous_4)","decl":{"start":{"line":43,"column":4},"end":{"line":43,"column":5}},"loc":{"start":{"line":43,"column":24},"end":{"line":45,"column":5}},"line":43},"5":{"name":"(anonymous_5)","decl":{"start":{"line":51,"column":4},"end":{"line":51,"column":5}},"loc":{"start":{"line":51,"column":21},"end":{"line":53,"column":5}},"line":51},"6":{"name":"(anonymous_6)","decl":{"start":{"line":59,"column":4},"end":{"line":59,"column":5}},"loc":{"start":{"line":59,"column":23},"end":{"line":61,"column":5}},"line":59}},"branchMap":{},"s":{"0":1,"1":1,"2":7,"3":7,"4":10,"5":13,"6":2,"7":1,"8":1,"9":1,"10":1},"f":{"0":7,"1":10,"2":13,"3":2,"4":1,"5":1,"6":1},"b":{},"inputSourceMap":{"version":3,"file":"/home/usuario/ull-esit-inf-dsi-22-23-prct06-generics-solid-Adrian-glz01/src/ejercicio-pe102/rationalClass.ts","sources":["/home/usuario/ull-esit-inf-dsi-22-23-prct06-generics-solid-Adrian-glz01/src/ejercicio-pe102/rationalClass.ts"],"names":[],"mappings":";;;AAEA,MAAa,QAAQ;IACX,UAAU,CAAQ;IAClB,YAAY,CAAQ;IAE5B;;;;OAIG;IACH,YAAY,SAAiB,EAAE,WAAmB;QAChD,IAAI,CAAC,UAAU,GAAG,SAAS,CAAA;QAC3B,IAAI,CAAC,YAAY,GAAG,WAAW,CAAA;IACjC,CAAC;IAED;;;OAGG;IACI,YAAY;QACjB,OAAO,IAAI,CAAC,UAAU,CAAA;IACxB,CAAC;IAED;;;OAGG;IACI,cAAc;QACnB,OAAO,IAAI,CAAC,YAAY,CAAA;IAC1B,CAAC;IAED;;;;OAIG;IACH,GAAG,CAAC,QAAkB;QACpB,OAAO,IAAI,QAAQ,CACjB,IAAI,CAAC,UAAU,GAAG,QAAQ,CAAC,cAAc,EAAE,GAAG,QAAQ,CAAC,YAAY,EAAE,GAAG,IAAI,CAAC,YAAY,EACzF,IAAI,CAAC,YAAY,GAAG,QAAQ,CAAC,cAAc,EAAE,CAC9C,CAAA;IACH,CAAC;IAED;;;;OAIG;IACH,SAAS,CAAC,QAAkB;QAC1B,OAAO,IAAI,QAAQ,CACjB,IAAI,CAAC,UAAU,GAAG,QAAQ,CAAC,cAAc,EAAE,GAAG,QAAQ,CAAC,YAAY,EAAE,GAAG,IAAI,CAAC,YAAY,EACzF,IAAI,CAAC,YAAY,GAAG,QAAQ,CAAC,cAAc,EAAE,CAC9C,CAAA;IACH,CAAC;IAED;;;;OAIG;IACH,MAAM,CAAC,QAAkB;QACvB,OAAO,IAAI,QAAQ,CACjB,IAAI,CAAC,UAAU,GAAG,QAAQ,CAAC,cAAc,EAAE,EAC3C,IAAI,CAAC,YAAY,GAAG,QAAQ,CAAC,YAAY,EAAE,CAC5C,CAAA;IACH,CAAC;IAED;;;;OAIG;IACH,QAAQ,CAAC,QAAkB;QACzB,OAAO,IAAI,QAAQ,CACjB,IAAI,CAAC,UAAU,GAAG,QAAQ,CAAC,YAAY,EAAE,EACzC,IAAI,CAAC,YAAY,GAAG,QAAQ,CAAC,cAAc,EAAE,CAC9C,CAAA;IACH,CAAC;CACF;AA7ED,4BA6EC","sourcesContent":["import { Arithmeticable } from \"./arithmeticableInterface\";\n\nexport class Rational implements Arithmeticable<Rational> {\n  private _numerator: number\n  private _denominator: number\n\n  /**\n   * Constructor de la clase Rational\n   * @param numerator \n   * @param denominator \n   */\n  constructor(numerator: number, denominator: number) {\n    this._numerator = numerator\n    this._denominator = denominator\n  }\n\n  /**\n   * Metodo para obtener el numerador\n   * @returns \n   */\n  public getNumerator(): number {\n    return this._numerator\n  }\n\n  /**\n   * Metodo para obtener el denominador\n   * @returns \n   */\n  public getDenominator(): number {\n    return this._denominator\n  }\n\n  /**\n   * Metodo para sumar dos numeros racionales\n   * @param operando \n   * @returns \n   */\n  add(operando: Rational): Rational{\n    return new Rational(\n      this._numerator * operando.getDenominator() + operando.getNumerator() * this._denominator,\n      this._denominator * operando.getDenominator()\n    )\n  }\n\n  /**\n   * Metodo para restar dos numeros racionales\n   * @param operando \n   * @returns \n   */\n  substract(operando: Rational): Rational{\n    return new Rational(\n      this._numerator * operando.getDenominator() - operando.getNumerator() * this._denominator,\n      this._denominator * operando.getDenominator()\n    )\n  }\n\n  /**\n   * Metodo para dividir dos numeros racionales\n   * @param operando \n   * @returns \n   */\n  divide(operando: Rational): Rational{\n    return new Rational(\n      this._numerator * operando.getDenominator(),\n      this._denominator * operando.getNumerator()\n    )\n  }\n\n  /**\n   * Metodo para multiplicar dos numeros racionales\n   * @param operando \n   * @returns \n   */\n  multiply(operando: Rational): Rational{\n    return new Rational(\n      this._numerator * operando.getNumerator(),\n      this._denominator * operando.getDenominator()\n    )\n  }\n}"]},"_coverageSchema":"1a1c01bbd47fc00a2c39e90264f33305004495a9","hash":"345ab575ccaff2b765948bc32c88e89882f61fd5","contentHash":"193f44e00a11c6c9f0ad0e9ac12033bca5c7447a7af199635d5de74ad13bb04a"},"/home/usuario/ull-esit-inf-dsi-22-23-prct06-generics-solid-Adrian-glz01/src/ejercicio-1/serieClass.ts":{"path":"/home/usuario/ull-esit-inf-dsi-22-23-prct06-generics-solid-Adrian-glz01/src/ejercicio-1/serieClass.ts","statementMap":{"0":{"start":{"line":2,"column":0},"end":{"line":2,"column":62}},"1":{"start":{"line":3,"column":0},"end":{"line":3,"column":23}},"2":{"start":{"line":17,"column":8},"end":{"line":17,"column":28}},"3":{"start":{"line":18,"column":8},"end":{"line":18,"column":26}},"4":{"start":{"line":19,"column":8},"end":{"line":19,"column":30}},"5":{"start":{"line":20,"column":8},"end":{"line":20,"column":32}},"6":{"start":{"line":27,"column":8},"end":{"line":27,"column":27}},"7":{"start":{"line":34,"column":8},"end":{"line":34,"column":26}},"8":{"start":{"line":41,"column":8},"end":{"line":41,"column":28}},"9":{"start":{"line":48,"column":8},"end":{"line":48,"column":29}},"10":{"start":{"line":51,"column":0},"end":{"line":51,"column":22}}},"fnMap":{"0":{"name":"(anonymous_0)","decl":{"start":{"line":16,"column":4},"end":{"line":16,"column":5}},"loc":{"start":{"line":16,"column":46},"end":{"line":21,"column":5}},"line":16},"1":{"name":"(anonymous_1)","decl":{"start":{"line":26,"column":4},"end":{"line":26,"column":5}},"loc":{"start":{"line":26,"column":15},"end":{"line":28,"column":5}},"line":26},"2":{"name":"(anonymous_2)","decl":{"start":{"line":33,"column":4},"end":{"line":33,"column":5}},"loc":{"start":{"line":33,"column":14},"end":{"line":35,"column":5}},"line":33},"3":{"name":"(anonymous_3)","decl":{"start":{"line":40,"column":4},"end":{"line":40,"column":5}},"loc":{"start":{"line":40,"column":16},"end":{"line":42,"column":5}},"line":40},"4":{"name":"(anonymous_4)","decl":{"start":{"line":47,"column":4},"end":{"line":47,"column":5}},"loc":{"start":{"line":47,"column":17},"end":{"line":49,"column":5}},"line":47}},"branchMap":{},"s":{"0":1,"1":1,"2":10,"3":10,"4":10,"5":10,"6":31,"7":10,"8":10,"9":2,"10":1},"f":{"0":10,"1":31,"2":10,"3":10,"4":2},"b":{},"inputSourceMap":{"version":3,"file":"/home/usuario/ull-esit-inf-dsi-22-23-prct06-generics-solid-Adrian-glz01/src/ejercicio-1/serieClass.ts","sources":["/home/usuario/ull-esit-inf-dsi-22-23-prct06-generics-solid-Adrian-glz01/src/ejercicio-1/serieClass.ts"],"names":[],"mappings":";;;AAAA,MAAa,KAAK;IACN,MAAM,CAAS;IACf,KAAK,CAAS;IACd,OAAO,CAAS;IAChB,QAAQ,CAAS;IAEzB;;;;;;OAMG;IACH,YAAa,KAAa,EAAE,IAAY,EAAE,MAAc,EAAE,OAAe;QACrE,IAAI,CAAC,MAAM,GAAG,KAAK,CAAC;QACpB,IAAI,CAAC,KAAK,GAAG,IAAI,CAAC;QAClB,IAAI,CAAC,OAAO,GAAG,MAAM,CAAC;QACtB,IAAI,CAAC,QAAQ,GAAG,OAAO,CAAC;IAC5B,CAAC;IAED;;;OAGG;IACI,QAAQ;QACX,OAAO,IAAI,CAAC,MAAM,CAAC;IACvB,CAAC;IAED;;;OAGG;IACI,OAAO;QACV,OAAO,IAAI,CAAC,KAAK,CAAC;IACtB,CAAC;IAED;;;OAGG;IACI,SAAS;QACZ,OAAO,IAAI,CAAC,OAAO,CAAC;IACxB,CAAC;IAED;;;OAGG;IACI,UAAU;QACb,OAAO,IAAI,CAAC,QAAQ,CAAC;IACzB,CAAC;CACJ;AAnDD,sBAmDC","sourcesContent":["export class Serie {\n    private _title: string;\n    private _year: number;\n    private _gender: string;\n    private _seasons: number;\n\n    /**\n     * __Constrcutor de la clase Series__\n     * @param title -- Título de la serie\n     * @param year -- Año de estreno\n     * @param gender -- Género de la serie\n     * @param seasons -- Número de temporadas\n     */\n    constructor (title: string, year: number, gender: string, seasons: number) {\n        this._title = title;\n        this._year = year;\n        this._gender = gender;\n        this._seasons = seasons;\n    }\n\n    /**\n     * Método para obtener el título de la serie\n     * @returns -- Título de la serie\n     */\n    public getTitle(): string {\n        return this._title;\n    }\n\n    /**\n     * Método para obtener el año de estreno de la serie\n     * @returns -- Año de estreno\n     */\n    public getYear(): number {\n        return this._year;\n    }\n\n    /**\n     * Método para obtener el género de la serie\n     * @returns -- Género de la serie\n     */\n    public getGender(): string {\n        return this._gender;\n    }\n\n    /**\n     * Método para obtener el número de temporadas de la serie\n     * @returns -- Número de temporadas\n     */\n    public getSeasons(): number {\n        return this._seasons;\n    }\n}"]},"_coverageSchema":"1a1c01bbd47fc00a2c39e90264f33305004495a9","hash":"e4f3d7129ac6830586a1b9cde32e65df0c478a7e","contentHash":"e7535fe84ed229ed73dc0866cd2fdc44a7369257f919d3fdfbb5735f6920d23f"},"/home/usuario/ull-esit-inf-dsi-22-23-prct06-generics-solid-Adrian-glz01/src/ejercicio-1/serieCollectionClass.ts":{"path":"/home/usuario/ull-esit-inf-dsi-22-23-prct06-generics-solid-Adrian-glz01/src/ejercicio-1/serieCollectionClass.ts","statementMap":{"0":{"start":{"line":2,"column":0},"end":{"line":2,"column":62}},"1":{"start":{"line":3,"column":0},"end":{"line":3,"column":33}},"2":{"start":{"line":4,"column":42},"end":{"line":4,"column":86}},"3":{"start":{"line":11,"column":8},"end":{"line":11,"column":26}},"4":{"start":{"line":19,"column":8},"end":{"line":19,"column":75}},"5":{"start":{"line":19,"column":49},"end":{"line":19,"column":73}},"6":{"start":{"line":27,"column":28},"end":{"line":27,"column":33}},"7":{"start":{"line":28,"column":8},"end":{"line":32,"column":11}},"8":{"start":{"line":29,"column":12},"end":{"line":31,"column":13}},"9":{"start":{"line":30,"column":16},"end":{"line":30,"column":37}},"10":{"start":{"line":33,"column":8},"end":{"line":35,"column":9}},"11":{"start":{"line":34,"column":12},"end":{"line":34,"column":24}},"12":{"start":{"line":36,"column":8},"end":{"line":36,"column":21}},"13":{"start":{"line":44,"column":8},"end":{"line":44,"column":79}},"14":{"start":{"line":44,"column":49},"end":{"line":44,"column":77}},"15":{"start":{"line":51,"column":8},"end":{"line":51,"column":31}},"16":{"start":{"line":59,"column":22},"end":{"line":59,"column":23}},"17":{"start":{"line":60,"column":8},"end":{"line":64,"column":11}},"18":{"start":{"line":61,"column":12},"end":{"line":63,"column":13}},"19":{"start":{"line":62,"column":16},"end":{"line":62,"column":45}},"20":{"start":{"line":65,"column":8},"end":{"line":65,"column":23}},"21":{"start":{"line":68,"column":0},"end":{"line":68,"column":42}}},"fnMap":{"0":{"name":"(anonymous_0)","decl":{"start":{"line":10,"column":4},"end":{"line":10,"column":5}},"loc":{"start":{"line":10,"column":28},"end":{"line":12,"column":5}},"line":10},"1":{"name":"(anonymous_1)","decl":{"start":{"line":18,"column":4},"end":{"line":18,"column":5}},"loc":{"start":{"line":18,"column":21},"end":{"line":20,"column":5}},"line":18},"2":{"name":"(anonymous_2)","decl":{"start":{"line":19,"column":38},"end":{"line":19,"column":39}},"loc":{"start":{"line":19,"column":49},"end":{"line":19,"column":73}},"line":19},"3":{"name":"(anonymous_3)","decl":{"start":{"line":26,"column":4},"end":{"line":26,"column":5}},"loc":{"start":{"line":26,"column":23},"end":{"line":37,"column":5}},"line":26},"4":{"name":"(anonymous_4)","decl":{"start":{"line":28,"column":32},"end":{"line":28,"column":33}},"loc":{"start":{"line":28,"column":43},"end":{"line":32,"column":9}},"line":28},"5":{"name":"(anonymous_5)","decl":{"start":{"line":43,"column":4},"end":{"line":43,"column":5}},"loc":{"start":{"line":43,"column":25},"end":{"line":45,"column":5}},"line":43},"6":{"name":"(anonymous_6)","decl":{"start":{"line":44,"column":38},"end":{"line":44,"column":39}},"loc":{"start":{"line":44,"column":49},"end":{"line":44,"column":77}},"line":44},"7":{"name":"(anonymous_7)","decl":{"start":{"line":50,"column":4},"end":{"line":50,"column":5}},"loc":{"start":{"line":50,"column":20},"end":{"line":52,"column":5}},"line":50},"8":{"name":"(anonymous_8)","decl":{"start":{"line":58,"column":4},"end":{"line":58,"column":5}},"loc":{"start":{"line":58,"column":27},"end":{"line":66,"column":5}},"line":58},"9":{"name":"(anonymous_9)","decl":{"start":{"line":60,"column":32},"end":{"line":60,"column":33}},"loc":{"start":{"line":60,"column":43},"end":{"line":64,"column":9}},"line":60}},"branchMap":{"0":{"loc":{"start":{"line":29,"column":12},"end":{"line":31,"column":13}},"type":"if","locations":[{"start":{"line":29,"column":12},"end":{"line":31,"column":13}},{"start":{"line":29,"column":12},"end":{"line":31,"column":13}}],"line":29},"1":{"loc":{"start":{"line":33,"column":8},"end":{"line":35,"column":9}},"type":"if","locations":[{"start":{"line":33,"column":8},"end":{"line":35,"column":9}},{"start":{"line":33,"column":8},"end":{"line":35,"column":9}}],"line":33},"2":{"loc":{"start":{"line":61,"column":12},"end":{"line":63,"column":13}},"type":"if","locations":[{"start":{"line":61,"column":12},"end":{"line":63,"column":13}},{"start":{"line":61,"column":12},"end":{"line":63,"column":13}}],"line":61}},"s":{"0":1,"1":1,"2":1,"3":1,"4":1,"5":10,"6":2,"7":2,"8":20,"9":1,"10":2,"11":1,"12":1,"13":1,"14":10,"15":1,"16":1,"17":1,"18":11,"19":2,"20":1,"21":1},"f":{"0":1,"1":1,"2":10,"3":2,"4":20,"5":1,"6":10,"7":1,"8":1,"9":11},"b":{"0":[1,19],"1":[1,1],"2":[2,9]},"inputSourceMap":{"version":3,"file":"/home/usuario/ull-esit-inf-dsi-22-23-prct06-generics-solid-Adrian-glz01/src/ejercicio-1/serieCollectionClass.ts","sources":["/home/usuario/ull-esit-inf-dsi-22-23-prct06-generics-solid-Adrian-glz01/src/ejercicio-1/serieCollectionClass.ts"],"names":[],"mappings":";;;AAAA,uFAA8E;AAG9E,MAAa,eAAgB,SAAQ,2DAAgC;IAEjE;;;OAGG;IACH,YAAa,UAAmB;QAC5B,KAAK,CAAC,UAAU,CAAC,CAAC;IACtB,CAAC;IAED;;;;OAIG;IACH,UAAU,CAAC,IAAY;QACnB,OAAO,IAAI,CAAC,UAAU,CAAC,MAAM,CAAC,CAAC,KAAK,EAAE,EAAE,CAAC,KAAK,CAAC,OAAO,EAAE,KAAK,IAAI,CAAC,CAAC;IACvE,CAAC;IAED;;;;OAIG;IACH,WAAW,CAAC,KAAa;QACrB,IAAI,aAAa,GAAG,KAAK,CAAC;QAC1B,IAAI,CAAC,UAAU,CAAC,OAAO,CAAC,CAAC,KAAK,EAAE,EAAE;YAC9B,IAAI,KAAK,CAAC,QAAQ,EAAE,KAAK,KAAK,EAAE;gBAC7B,aAAa,GAAG,IAAI,CAAC;aACvB;QACL,CAAC,CAAC,CAAC;QACH,IAAI,aAAa,EAAE;YACf,OAAO,IAAI,CAAC;SACf;QACD,OAAO,KAAK,CAAC;IACjB,CAAC;IAED;;;;OAIG;IACH,YAAY,CAAC,MAAc;QACvB,OAAO,IAAI,CAAC,UAAU,CAAC,MAAM,CAAC,CAAC,KAAK,EAAE,EAAE,CAAC,KAAK,CAAC,SAAS,EAAE,KAAK,MAAM,CAAC,CAAC;IAC3E,CAAC;IAED;;;OAGG;IACI,aAAa;QAChB,OAAO,IAAI,CAAC,UAAU,CAAC;IAC3B,CAAC;IAED;;;;OAIG;IACI,eAAe,CAAC,KAAa;QAChC,IAAI,OAAO,GAAG,CAAC,CAAC;QAChB,IAAI,CAAC,UAAU,CAAC,OAAO,CAAC,CAAC,KAAK,EAAE,EAAE;YAC9B,IAAI,KAAK,CAAC,QAAQ,EAAE,KAAK,KAAK,EAAE;gBAC5B,OAAO,GAAG,KAAK,CAAC,UAAU,EAAE,CAAC;aAChC;QACL,CAAC,CAAC,CAAC;QACH,OAAO,OAAO,CAAC;IACnB,CAAC;CACJ;AApED,0CAoEC","sourcesContent":["import { BasicStreamableCollection } from \"./basicsStreamableCollectionClass\";\nimport { Serie } from \"./serieClass\";\n\nexport class SerieCollection extends BasicStreamableCollection<Serie> {\n\n    /**\n     * __Constructor de la clase SerieCollection__\n     * @param collection -- Colección de series\n     */\n    constructor (collection: Serie[]) {\n        super(collection);\n    }\n\n    /**\n     * Implementación del método para buscar un elemento por su año de estreno\n     * @param year -- Año de estreno\n     * @returns -- Colección de series que coincidan con el año de estreno pasado por parámetro\n     */\n    findByYear(year: number): Serie[] {\n        return this.collection.filter((serie) => serie.getYear() === year);\n    }\n\n    /**\n     * Método extendido de la clase BasicStreamableCollection para saber si un una serie existe en nuestra colleción de series\n     * @param title -- Título de la serie\n     * @returns -- Booleano que indica si la serie existe o no en nuestra coleción\n     */\n    findByTitle(title: string): boolean {\n        let returnedValue = false;\n        this.collection.forEach((serie) => {\n            if (serie.getTitle() === title) {\n               returnedValue = true; \n            }\n        });\n        if (returnedValue) {\n            return true;\n        } \n        return false;\n    }\n\n    /**\n     * Método extendido de la clase BasicStreamableCollection para buscar un elemento por su género \n     * @param gender -- Género de la serie\n     * @returns -- Colección de series que coincidan con el género pasado por parámetro\n     */\n    findByGender(gender: string): Serie[] {\n        return this.collection.filter((serie) => serie.getGender() === gender);\n    }\n    \n    /**\n     * Método para obtener la colección de series\n     * @returns -- Colección de series\n     */\n    public getCollection(): Serie[] {\n        return this.collection;\n    }\n\n    /**\n     * Método para obtener el número de temporadas de una serie concreta, identificandola por su título\n     * @param title -- Título de la serie\n     * @returns -- Número de temporadas de la serie\n     */\n    public getNumOfSeasons(title: string): number {\n        let seasons = 0;\n        this.collection.forEach((serie) => {\n            if (serie.getTitle() === title) {\n                seasons = serie.getSeasons();\n            }\n        });\n        return seasons;\n    }\n}"]},"_coverageSchema":"1a1c01bbd47fc00a2c39e90264f33305004495a9","hash":"4a6ef5c44a8532ab11053af84b719026386ca0af","contentHash":"91ff890d04075762b094e8b4b6ca6a39e4485ac1d1d2bf8900de23c0ec157555"}}